#
# A fatal error has been detected by the Java Runtime Environment:
#
#  SIGSEGV (0xb) at pc=0x00007f4f10b02394, pid=6133, tid=6137
#
# JRE version: OpenJDK Runtime Environment (17.0.13+5) (build 17.0.13+5-void-r1)
# Java VM: OpenJDK 64-Bit Server VM (17.0.13+5-void-r1, mixed mode, sharing, tiered, compressed oops, compressed class ptrs, g1 gc, linux-amd64)
# Problematic frame:
# C  [libstdc++.so.6+0x102394]  std::__codecvt_utf8_utf16_base<char16_t>::do_unshift(__mbstate_t&, char*, char*, char*&) const+0x4
#
# No core dump will be written. Core dumps have been disabled. To enable core dumping, try "ulimit -c unlimited" before starting Java again
#
# If you would like to submit a bug report, please visit:
#   https://github.com/void-linux/void-packages/issues
# The crash happened outside the Java Virtual Machine in native code.
# See problematic frame for where to report the bug.
#

---------------  S U M M A R Y ------------

Command Line: -Djava.awt.headless=true -ea org.apache.tools.ant.taskdefs.optional.junit.JUnitTestRunner org.sosy_lab.cpachecker.util.predicates.pseudoQE.PseudoExistQeManagerTest skipNonTests=false filtertrace=true haltOnError=false haltOnFailure=false formatter=org.apache.tools.ant.taskdefs.optional.junit.SummaryJUnitResultFormatter showoutput=false outputtoformatters=true logfailedtests=true threadid=0 logtestlistenerevents=false formatter=org.apache.tools.ant.taskdefs.optional.junit.XMLJUnitResultFormatter,/home/rabeal/Studium/cpachecker/output/junit/TEST-org.sosy_lab.cpachecker.util.predicates.pseudoQE.PseudoExistQeManagerTest.xml crashfile=/home/rabeal/Studium/cpachecker/junitvmwatcher17819251227598210877.properties propsfile=/home/rabeal/Studium/cpachecker/junit11155685563678018132.properties

Host: Intel(R) Core(TM) i5-7Y54 CPU @ 1.20GHz, 4 cores, 15G, Void Linux
Time: Tue Dec  3 12:16:32 2024 CET elapsed time: 1.061185 seconds (0d 0h 0m 1s)

---------------  T H R E A D  ---------------

Current thread (0x00007f4f4002c2d0):  JavaThread "main" [_thread_in_native, id=6137, stack(0x00007f4f46300000,0x00007f4f46400000)]

Stack: [0x00007f4f46300000,0x00007f4f46400000],  sp=0x00007f4f463fc398,  free space=1008k
Native frames: (J=compiled Java code, j=interpreted, Vv=VM code, C=native code)
C  [libstdc++.so.6+0x102394]  std::__codecvt_utf8_utf16_base<char16_t>::do_unshift(__mbstate_t&, char*, char*, char*&) const+0x4

Java frames: (J=compiled Java code, j=interpreted, Vv=VM code)
j  com.microsoft.z3.Native.INTERNALgetNumeralString(JJ)Ljava/lang/String;+0
j  com.microsoft.z3.Native.getNumeralString(JJ)Ljava/lang/String;+2
j  org.sosy_lab.java_smt.solvers.z3.Z3FormulaCreator.convertValue(Ljava/lang/Long;)Ljava/lang/Object;+159
j  org.sosy_lab.java_smt.solvers.z3.Z3FormulaCreator.visit(Lorg/sosy_lab/java_smt/api/visitors/FormulaVisitor;Lorg/sosy_lab/java_smt/api/Formula;Ljava/lang/Long;)Ljava/lang/Object;+72
j  org.sosy_lab.java_smt.solvers.z3.Z3FormulaCreator.visit(Lorg/sosy_lab/java_smt/api/visitors/FormulaVisitor;Lorg/sosy_lab/java_smt/api/Formula;Ljava/lang/Object;)Ljava/lang/Object;+7
j  org.sosy_lab.java_smt.basicimpl.FormulaCreator.visit(Lorg/sosy_lab/java_smt/api/Formula;Lorg/sosy_lab/java_smt/api/visitors/FormulaVisitor;)Ljava/lang/Object;+8
j  org.sosy_lab.java_smt.basicimpl.FormulaCreator.visitRecursively(Lorg/sosy_lab/java_smt/api/visitors/FormulaVisitor;Lorg/sosy_lab/java_smt/api/Formula;Ljava/util/function/Predicate;)V+47
j  org.sosy_lab.java_smt.basicimpl.FormulaCreator.visitRecursively(Lorg/sosy_lab/java_smt/api/visitors/FormulaVisitor;Lorg/sosy_lab/java_smt/api/Formula;)V+8
j  org.sosy_lab.java_smt.basicimpl.FormulaCreator.extractVariablesAndUFs(Lorg/sosy_lab/java_smt/api/Formula;ZLjava/util/function/BiConsumer;)V+22
j  org.sosy_lab.java_smt.basicimpl.AbstractFormulaManager.extractVariables(Lorg/sosy_lab/java_smt/api/Formula;)Lcom/google/common/collect/ImmutableMap;+21
j  org.sosy_lab.cpachecker.util.predicates.smt.FormulaManagerView.extractVariableNames(Lorg/sosy_lab/java_smt/api/Formula;)Ljava/util/Set;+9
j  org.sosy_lab.cpachecker.util.predicates.pseudoQE.PseudoExistFormula.<init>(Ljava/util/Map;Lorg/sosy_lab/java_smt/api/BooleanFormula;Lorg/sosy_lab/cpachecker/util/predicates/smt/FormulaManagerView;)V+79
j  org.sosy_lab.cpachecker.util.predicates.pseudoQE.PseudoExistQeManagerTest.testDERSimpleInteger()V+116
v  ~StubRoutines::call_stub
j  jdk.internal.reflect.NativeMethodAccessorImpl.invoke0(Ljava/lang/reflect/Method;Ljava/lang/Object;[Ljava/lang/Object;)Ljava/lang/Object;+0 java.base@17.0.13
j  jdk.internal.reflect.NativeMethodAccessorImpl.invoke(Ljava/lang/Object;[Ljava/lang/Object;)Ljava/lang/Object;+133 java.base@17.0.13
j  jdk.internal.reflect.DelegatingMethodAccessorImpl.invoke(Ljava/lang/Object;[Ljava/lang/Object;)Ljava/lang/Object;+6 java.base@17.0.13
j  java.lang.reflect.Method.invoke(Ljava/lang/Object;[Ljava/lang/Object;)Ljava/lang/Object;+59 java.base@17.0.13
j  org.junit.runners.model.FrameworkMethod$1.runReflectiveCall()Ljava/lang/Object;+15
j  org.junit.internal.runners.model.ReflectiveCallable.run()Ljava/lang/Object;+1
j  org.junit.runners.model.FrameworkMethod.invokeExplosively(Ljava/lang/Object;[Ljava/lang/Object;)Ljava/lang/Object;+10
j  org.junit.internal.runners.statements.InvokeMethod.evaluate()V+12
j  org.junit.internal.runners.statements.RunBefores.evaluate()V+41
j  org.junit.internal.runners.statements.RunAfters.evaluate()V+12
j  org.junit.runners.ParentRunner$3.evaluate()V+4
j  org.junit.runners.BlockJUnit4ClassRunner$1.evaluate()V+11
j  org.junit.runners.ParentRunner.runLeaf(Lorg/junit/runners/model/Statement;Lorg/junit/runner/Description;Lorg/junit/runner/notification/RunNotifier;)V+17
j  org.junit.runners.BlockJUnit4ClassRunner.runChild(Lorg/junit/runners/model/FrameworkMethod;Lorg/junit/runner/notification/RunNotifier;)V+38
j  org.junit.runners.BlockJUnit4ClassRunner.runChild(Ljava/lang/Object;Lorg/junit/runner/notification/RunNotifier;)V+6
j  org.junit.runners.ParentRunner$4.run()V+12
j  org.junit.runners.ParentRunner$1.schedule(Ljava/lang/Runnable;)V+1
j  org.junit.runners.ParentRunner.runChildren(Lorg/junit/runner/notification/RunNotifier;)V+44
j  org.junit.runners.ParentRunner.access$100(Lorg/junit/runners/ParentRunner;Lorg/junit/runner/notification/RunNotifier;)V+2
j  org.junit.runners.ParentRunner$2.evaluate()V+8
j  org.junit.runners.ParentRunner.run(Lorg/junit/runner/notification/RunNotifier;)V+24
j  org.junit.runners.Suite.runChild(Lorg/junit/runner/Runner;Lorg/junit/runner/notification/RunNotifier;)V+2
j  org.junit.runners.Suite.runChild(Ljava/lang/Object;Lorg/junit/runner/notification/RunNotifier;)V+6
j  org.junit.runners.ParentRunner$4.run()V+12
j  org.junit.runners.ParentRunner$1.schedule(Ljava/lang/Runnable;)V+1
j  org.junit.runners.ParentRunner.runChildren(Lorg/junit/runner/notification/RunNotifier;)V+44
j  org.junit.runners.ParentRunner.access$100(Lorg/junit/runners/ParentRunner;Lorg/junit/runner/notification/RunNotifier;)V+2
j  org.junit.runners.ParentRunner$2.evaluate()V+8
j  org.junit.runners.ParentRunner$3.evaluate()V+4
j  org.junit.runners.ParentRunner.run(Lorg/junit/runner/notification/RunNotifier;)V+24
j  junit.framework.JUnit4TestAdapter.run(Ljunit/framework/TestResult;)V+13
j  org.apache.tools.ant.taskdefs.optional.junit.JUnitTestRunner.run()V+834
j  org.apache.tools.ant.taskdefs.optional.junit.JUnitTestRunner.launch(Lorg/apache/tools/ant/taskdefs/optional/junit/JUnitTest;[Ljava/lang/String;ZZZZZZ)I+41
j  org.apache.tools.ant.taskdefs.optional.junit.JUnitTestRunner.main([Ljava/lang/String;)V+1033
v  ~StubRoutines::call_stub

siginfo: si_signo: 11 (SIGSEGV), si_code: 1 (SEGV_MAPERR), si_addr: 0x0000000000000020

Registers:
RAX=0x00007f4f10ce8d88, RBX=0x00007f4f463fc8b0, RCX=0x00007f4f463fc920, RDX=0x0000000000000000
RSP=0x00007f4f463fc398, RBP=0x00007f4f463fc920, RSI=0x00007f4f463fc8b8, RDI=0x00007f4f10cf85e0
R8 =0x0000000000000020, R9 =0x0000000000000005, R10=0x00007f4f10a18cf8, R11=0x00007f4f10ae99a0
R12=0x0000000000000005, R13=0x00007f4f10cf85e0, R14=0x00007f4f463fc3b0, R15=0x00007f4f463fc8b8
RIP=0x00007f4f10b02394, EFLAGS=0x0000000000010206, CSGSFS=0x002b000000000033, ERR=0x0000000000000006
  TRAPNO=0x000000000000000e


Register to memory mapping:

RAX=0x00007f4f10ce8d88: _ZTVSt7codecvtIDsc11__mbstate_tE+0x0000000000000010 in /usr/lib/libstdc++.so.6 at 0x00007f4f10a00000
RBX=0x00007f4f463fc8b0 is pointing into the stack for thread: 0x00007f4f4002c2d0
RCX=0x00007f4f463fc920 is pointing into the stack for thread: 0x00007f4f4002c2d0
RDX=0x0 is NULL
RSP=0x00007f4f463fc398 is pointing into the stack for thread: 0x00007f4f4002c2d0
RBP=0x00007f4f463fc920 is pointing into the stack for thread: 0x00007f4f4002c2d0
RSI=0x00007f4f463fc8b8 is pointing into the stack for thread: 0x00007f4f4002c2d0
RDI=0x00007f4f10cf85e0: <offset 0x00000000002f85e0> in /usr/lib/libstdc++.so.6 at 0x00007f4f10a00000
R8 =0x0000000000000020 is an unknown value
R9 =0x0000000000000005 is an unknown value
R10=0x00007f4f10a18cf8: <offset 0x0000000000018cf8> in /usr/lib/libstdc++.so.6 at 0x00007f4f10a00000
R11=0x00007f4f10ae99a0: _Z24__VLTVerifyVtablePointerPPvPKv+0x0000000000000000 in /usr/lib/libstdc++.so.6 at 0x00007f4f10a00000
R12=0x0000000000000005 is an unknown value
R13=0x00007f4f10cf85e0: <offset 0x00000000002f85e0> in /usr/lib/libstdc++.so.6 at 0x00007f4f10a00000
R14=0x00007f4f463fc3b0 is pointing into the stack for thread: 0x00007f4f4002c2d0
R15=0x00007f4f463fc8b8 is pointing into the stack for thread: 0x00007f4f4002c2d0


Top of Stack: (sp=0x00007f4f463fc398)
0x00007f4f463fc398:   00007f4f10b75d42 0000002046d0d18c
0x00007f4f463fc3a8:   0000000000000000 00007f4f4097cb01
0x00007f4f463fc3b8:   00007f4f463fc8b0 00007f4f4002c2d0
0x00007f4f463fc3c8:   8ee821c8b1f7f300 0000000000000002
0x00007f4f463fc3d8:   00007f4f463fc8b0 00007f4f463fc920
0x00007f4f463fc3e8:   00007f4f463fcbd0 00007f4f463fc8b0
0x00007f4f463fc3f8:   00007f4f463fc8f0 00007f4f10ceecd8
0x00007f4f463fc408:   00007f4ec2b1a6e8 00007f4f11ac71f0
0x00007f4f463fc418:   00007f4f40619270 00007f4f463fc5a7
0x00007f4f463fc428:   00007f4f47a84489 00007f4f463fc550
0x00007f4f463fc438:   00007f4f478ecb00 00007f4f463fc5f0
0x00007f4f463fc448:   8ee821c8b1f7f300 00007f4f463fc650
0x00007f4f463fc458:   00007f4f463fc610 00007f4f463fc608
0x00007f4f463fc468:   00007f4f4079b580 00007f4f4079b580
0x00007f4f463fc478:   00007f4f478ecb14 00007f4f463fc607
0x00007f4f463fc488:   00007f4f47a84489 00007f4f463fc5b0
0x00007f4f463fc498:   00007f4f478ecb00 00007f4f463fc650
0x00007f4f463fc4a8:   0000000000000000 00007f4ec33e8e98
0x00007f4f463fc4b8:   000000004002c2d0 00007f4f463fc5b0
0x00007f4f463fc4c8:   00007f4f463fc4bc 00007f4ec1407fd8
0x00007f4f463fc4d8:   00007f4f409b5c50 00000000edf6ecbd
0x00007f4f463fc4e8:   00007f4ec1401ca8 00007f4ec14016e8
0x00007f4f463fc4f8:   00007f4f47a8c9e1 00000000000002b3
0x00007f4f463fc508:   00007f4ec1407fd8 00007f4f409b5c50
0x00007f4f463fc518:   00007f4f463fc5a8 00007f4f463fc5a4
0x00007f4f463fc528:   00007f4f473db49f ffffffffffffff88
0x00007f4f463fc538:   00007f4ec140ab3e 00007f4ec1405d70
0x00007f4f463fc548:   0000000003b7dbb2 00007f4f463fc680
0x00007f4f463fc558:   00007f4f463fc678 00007f4f4091df50
0x00007f4f463fc568:   0000000000000007 00007f4f00000000
0x00007f4f463fc578:   00007f4f409746a0 ffffffffffffffb8
0x00007f4f463fc588:   00007f4f478ec669 ffffffffffffff88 

Instructions: (pc=0x00007f4f10b02394)
0x00007f4f10b02294:   48 83 ec 08 48 8b 4a 08 48 8b 12 e8 0c 00 ff ff
0x00007f4f10b022a4:   48 83 c4 08 c3 f3 0f 1e fa 48 89 c7 48 89 d0 e9
0x00007f4f10b022b4:   f1 7e fa ff 0f 1f 84 00 00 00 00 00 f3 0f 1e fa
0x00007f4f10b022c4:   48 8d 05 f5 71 1f 00 c3 0f 1f 40 00 f3 0f 1e fa
0x00007f4f10b022d4:   48 89 fe b9 2b 00 00 00 48 8d 3d dd 71 1f 00 f3
0x00007f4f10b022e4:   48 a5 8b 06 89 07 c3 0f 1f 44 00 00 f3 0f 1e fa
0x00007f4f10b022f4:   48 83 ec 28 31 ff 64 48 8b 04 25 28 00 00 00 48
0x00007f4f10b02304:   89 44 24 18 31 c0 48 89 e6 e8 7e 15 fa ff 48 69
0x00007f4f10b02314:   04 24 00 ca 9a 3b 48 03 44 24 08 48 8b 54 24 18
0x00007f4f10b02324:   64 48 2b 14 25 28 00 00 00 75 05 48 83 c4 28 c3
0x00007f4f10b02334:   e8 f7 38 fa ff 0f 1f 80 00 00 00 00 f3 0f 1e fa
0x00007f4f10b02344:   48 83 ec 28 bf 01 00 00 00 64 48 8b 04 25 28 00
0x00007f4f10b02354:   00 00 48 89 44 24 18 31 c0 48 89 e6 e8 2b 15 fa
0x00007f4f10b02364:   ff 48 69 04 24 00 ca 9a 3b 48 03 44 24 08 48 8b
0x00007f4f10b02374:   54 24 18 64 48 2b 14 25 28 00 00 00 75 05 48 83
0x00007f4f10b02384:   c4 28 c3 e8 a4 38 fa ff 0f 1f 40 00 f3 0f 1e fa
0x00007f4f10b02394:   49 89 10 b8 03 00 00 00 c3 0f 1f 00 f3 0f 1e fa
0x00007f4f10b023a4:   31 c0 c3 66 0f 1f 84 00 00 00 00 00 f3 0f 1e fa
0x00007f4f10b023b4:   31 c0 c3 66 0f 1f 84 00 00 00 00 00 f3 0f 1e fa
0x00007f4f10b023c4:   b8 04 00 00 00 c3 66 0f 1f 44 00 00 f3 0f 1e fa
0x00007f4f10b023d4:   49 89 10 b8 03 00 00 00 c3 0f 1f 00 f3 0f 1e fa
0x00007f4f10b023e4:   8b 47 18 83 e0 04 83 f8 01 19 c0 83 e0 fd 83 c0
0x00007f4f10b023f4:   06 c3 66 2e 0f 1f 84 00 00 00 00 00 f3 0f 1e fa
0x00007f4f10b02404:   8b 47 18 83 e0 04 83 f8 01 19 c0 83 e0 fd 83 c0
0x00007f4f10b02414:   07 c3 66 2e 0f 1f 84 00 00 00 00 00 f3 0f 1e fa
0x00007f4f10b02424:   8b 47 20 83 e0 04 83 f8 01 19 c0 83 e0 fd 83 c0
0x00007f4f10b02434:   07 c3 66 2e 0f 1f 84 00 00 00 00 00 f3 0f 1e fa
0x00007f4f10b02444:   8b 47 18 83 e0 04 83 f8 01 19 c0 83 e0 fe 83 c0
0x00007f4f10b02454:   04 c3 66 2e 0f 1f 84 00 00 00 00 00 f3 0f 1e fa
0x00007f4f10b02464:   8b 47 18 83 e0 04 83 f8 01 19 c0 83 e0 fe 83 c0
0x00007f4f10b02474:   06 c3 66 2e 0f 1f 84 00 00 00 00 00 f3 0f 1e fa
0x00007f4f10b02484:   8b 47 20 83 e0 04 83 f8 01 19 c0 83 e0 fe 83 c0 


Stack slot to memory mapping:
stack at sp + 0 slots: 0x00007f4f10b75d42: _ZNSo9_M_insertIlEERSoT_+0x00000000000000b2 in /usr/lib/libstdc++.so.6 at 0x00007f4f10a00000
stack at sp + 1 slots: 0x0000002046d0d18c is an unknown value
stack at sp + 2 slots: 0x0 is NULL
stack at sp + 3 slots: 0x00007f4f4097cb01 points into unknown readable memory: 00 00 00 00 00 00 00
stack at sp + 4 slots: 0x00007f4f463fc8b0 is pointing into the stack for thread: 0x00007f4f4002c2d0
stack at sp + 5 slots: 0x00007f4f4002c2d0 is a thread
stack at sp + 6 slots: 0x8ee821c8b1f7f300 is an unknown value
stack at sp + 7 slots: 0x0000000000000002 is an unknown value


---------------  P R O C E S S  ---------------

Threads class SMR info:
_java_thread_list=0x00007f4e9c096e80, length=12, elements={
0x00007f4f4002c2d0, 0x00007f4f4017e6c0, 0x00007f4f4017fab0, 0x00007f4f40185040,
0x00007f4f40186400, 0x00007f4f40187820, 0x00007f4f401891e0, 0x00007f4f4018a720,
0x00007f4f40193b90, 0x00007f4f4019b900, 0x00007f4f4019f3c0, 0x00007f4e9c095e80
}

Java Threads: ( => current thread )
=>0x00007f4f4002c2d0 JavaThread "main" [_thread_in_native, id=6137, stack(0x00007f4f46300000,0x00007f4f46400000)]
  0x00007f4f4017e6c0 JavaThread "Reference Handler" daemon [_thread_blocked, id=6144, stack(0x00007f4f20c69000,0x00007f4f20d69000)]
  0x00007f4f4017fab0 JavaThread "Finalizer" daemon [_thread_blocked, id=6145, stack(0x00007f4f20b69000,0x00007f4f20c69000)]
  0x00007f4f40185040 JavaThread "Signal Dispatcher" daemon [_thread_blocked, id=6146, stack(0x00007f4f20700000,0x00007f4f20800000)]
  0x00007f4f40186400 JavaThread "Service Thread" daemon [_thread_blocked, id=6147, stack(0x00007f4f20600000,0x00007f4f20700000)]
  0x00007f4f40187820 JavaThread "Monitor Deflation Thread" daemon [_thread_blocked, id=6148, stack(0x00007f4f20500000,0x00007f4f20600000)]
  0x00007f4f401891e0 JavaThread "C2 CompilerThread0" daemon [_thread_blocked, id=6149, stack(0x00007f4f20400000,0x00007f4f20500000)]
  0x00007f4f4018a720 JavaThread "C1 CompilerThread0" daemon [_thread_blocked, id=6150, stack(0x00007f4f20300000,0x00007f4f20400000)]
  0x00007f4f40193b90 JavaThread "Sweeper thread" daemon [_thread_blocked, id=6151, stack(0x00007f4f20200000,0x00007f4f20300000)]
  0x00007f4f4019b900 JavaThread "Notification Thread" daemon [_thread_blocked, id=6152, stack(0x00007f4f20100000,0x00007f4f20200000)]
  0x00007f4f4019f3c0 JavaThread "Common-Cleaner" daemon [_thread_blocked, id=6154, stack(0x00007f4f20000000,0x00007f4f20100000)]
  0x00007f4e9c095e80 JavaThread "C2 CompilerThread1" daemon [_thread_blocked, id=6155, stack(0x00007f4f11dff000,0x00007f4f11eff000)]

Other Threads:
  0x00007f4f4017a730 VMThread "VM Thread" [stack: 0x00007f4f20d6a000,0x00007f4f20e6a000] [id=6143]
  0x00007f4f4019d250 WatcherThread [stack: 0x00007f4f11f00000,0x00007f4f12000000] [id=6153]
  0x00007f4f40096420 GCTaskThread "GC Thread#0" [stack: 0x00007f4f4444d000,0x00007f4f4454d000] [id=6138]
  0x00007f4ebc004da0 GCTaskThread "GC Thread#1" [stack: 0x00007f4f11cff000,0x00007f4f11dff000] [id=6156]
  0x00007f4ebc005820 GCTaskThread "GC Thread#2" [stack: 0x00007f4f11bfe000,0x00007f4f11cfe000] [id=6157]
  0x00007f4ebc0062a0 GCTaskThread "GC Thread#3" [stack: 0x00007f4f11afd000,0x00007f4f11bfd000] [id=6158]
  0x00007f4f400a7290 ConcurrentGCThread "G1 Main Marker" [stack: 0x00007f4f4434c000,0x00007f4f4444c000] [id=6139]
  0x00007f4f400a8200 ConcurrentGCThread "G1 Conc#0" [stack: 0x00007f4f4424b000,0x00007f4f4434b000] [id=6140]
  0x00007f4f4014bba0 ConcurrentGCThread "G1 Refine#0" [stack: 0x00007f4f210be000,0x00007f4f211be000] [id=6141]
  0x00007f4f4014caa0 ConcurrentGCThread "G1 Service" [stack: 0x00007f4f20fbd000,0x00007f4f210bd000] [id=6142]

Threads with active compile tasks:

VM state: not at safepoint (normal execution)

VM Mutex/Monitor currently owned by a thread: None

Heap address: 0x0000000707800000, size: 3976 MB, Compressed Oops mode: Zero based, Oop shift amount: 3

CDS archive(s) mapped at: [0x00007f4ec3000000-0x00007f4ec3bc9000-0x00007f4ec3bc9000), size 12357632, SharedBaseAddress: 0x00007f4ec3000000, ArchiveRelocationMode: 1.
Compressed class space mapped at: 0x00007f4ec4000000-0x00007f4f04000000, reserved size: 1073741824
Narrow klass base: 0x00007f4ec3000000, Narrow klass shift: 0, Narrow klass range: 0x100000000

GC Precious Log:
 CPUs: 4 total, 4 available
 Memory: 15899M
 Large Page Support: Disabled
 NUMA Support: Disabled
 Compressed Oops: Enabled (Zero based)
 Heap Region Size: 2M
 Heap Min Capacity: 8M
 Heap Initial Capacity: 250M
 Heap Max Capacity: 3976M
 Pre-touch: Disabled
 Parallel Workers: 4
 Concurrent Workers: 1
 Concurrent Refinement Workers: 4
 Periodic GC: Disabled

Heap:
 garbage-first heap   total 260096K, used 12740K [0x0000000707800000, 0x0000000800000000)
  region size 2048K, 4 young (8192K), 1 survivors (2048K)
 Metaspace       used 7926K, committed 8128K, reserved 1114112K
  class space    used 845K, committed 960K, reserved 1048576K

Heap Regions: E=young(eden), S=young(survivor), O=old, HS=humongous(starts), HC=humongous(continues), CS=collection set, F=free, OA=open archive, CA=closed archive, TAMS=top-at-mark-start (previous, next)
|   0|0x0000000707800000, 0x0000000707a00000, 0x0000000707a00000|100%| O|  |TAMS 0x0000000707800000, 0x0000000707800000| Untracked 
|   1|0x0000000707a00000, 0x0000000707c00000, 0x0000000707c00000|100%| O|  |TAMS 0x0000000707a00000, 0x0000000707a00000| Untracked 
|   2|0x0000000707c00000, 0x0000000707d26e08, 0x0000000707e00000| 57%| O|  |TAMS 0x0000000707c00000, 0x0000000707c00000| Untracked 
|   3|0x0000000707e00000, 0x0000000707e00000, 0x0000000708000000|  0%| F|  |TAMS 0x0000000707e00000, 0x0000000707e00000| Untracked 
|   4|0x0000000708000000, 0x0000000708000000, 0x0000000708200000|  0%| F|  |TAMS 0x0000000708000000, 0x0000000708000000| Untracked 
|   5|0x0000000708200000, 0x0000000708200000, 0x0000000708400000|  0%| F|  |TAMS 0x0000000708200000, 0x0000000708200000| Untracked 
|   6|0x0000000708400000, 0x0000000708400000, 0x0000000708600000|  0%| F|  |TAMS 0x0000000708400000, 0x0000000708400000| Untracked 
|   7|0x0000000708600000, 0x0000000708600000, 0x0000000708800000|  0%| F|  |TAMS 0x0000000708600000, 0x0000000708600000| Untracked 
|   8|0x0000000708800000, 0x0000000708800000, 0x0000000708a00000|  0%| F|  |TAMS 0x0000000708800000, 0x0000000708800000| Untracked 
|   9|0x0000000708a00000, 0x0000000708a00000, 0x0000000708c00000|  0%| F|  |TAMS 0x0000000708a00000, 0x0000000708a00000| Untracked 
|  10|0x0000000708c00000, 0x0000000708c00000, 0x0000000708e00000|  0%| F|  |TAMS 0x0000000708c00000, 0x0000000708c00000| Untracked 
|  11|0x0000000708e00000, 0x0000000708e00000, 0x0000000709000000|  0%| F|  |TAMS 0x0000000708e00000, 0x0000000708e00000| Untracked 
|  12|0x0000000709000000, 0x0000000709000000, 0x0000000709200000|  0%| F|  |TAMS 0x0000000709000000, 0x0000000709000000| Untracked 
|  13|0x0000000709200000, 0x0000000709200000, 0x0000000709400000|  0%| F|  |TAMS 0x0000000709200000, 0x0000000709200000| Untracked 
|  14|0x0000000709400000, 0x0000000709400000, 0x0000000709600000|  0%| F|  |TAMS 0x0000000709400000, 0x0000000709400000| Untracked 
|  15|0x0000000709600000, 0x0000000709600000, 0x0000000709800000|  0%| F|  |TAMS 0x0000000709600000, 0x0000000709600000| Untracked 
|  16|0x0000000709800000, 0x0000000709800000, 0x0000000709a00000|  0%| F|  |TAMS 0x0000000709800000, 0x0000000709800000| Untracked 
|  17|0x0000000709a00000, 0x0000000709a00000, 0x0000000709c00000|  0%| F|  |TAMS 0x0000000709a00000, 0x0000000709a00000| Untracked 
|  18|0x0000000709c00000, 0x0000000709c00000, 0x0000000709e00000|  0%| F|  |TAMS 0x0000000709c00000, 0x0000000709c00000| Untracked 
|  19|0x0000000709e00000, 0x0000000709e00000, 0x000000070a000000|  0%| F|  |TAMS 0x0000000709e00000, 0x0000000709e00000| Untracked 
|  20|0x000000070a000000, 0x000000070a000000, 0x000000070a200000|  0%| F|  |TAMS 0x000000070a000000, 0x000000070a000000| Untracked 
|  21|0x000000070a200000, 0x000000070a200000, 0x000000070a400000|  0%| F|  |TAMS 0x000000070a200000, 0x000000070a200000| Untracked 
|  22|0x000000070a400000, 0x000000070a400000, 0x000000070a600000|  0%| F|  |TAMS 0x000000070a400000, 0x000000070a400000| Untracked 
|  23|0x000000070a600000, 0x000000070a600000, 0x000000070a800000|  0%| F|  |TAMS 0x000000070a600000, 0x000000070a600000| Untracked 
|  24|0x000000070a800000, 0x000000070a800000, 0x000000070aa00000|  0%| F|  |TAMS 0x000000070a800000, 0x000000070a800000| Untracked 
|  25|0x000000070aa00000, 0x000000070aa00000, 0x000000070ac00000|  0%| F|  |TAMS 0x000000070aa00000, 0x000000070aa00000| Untracked 
|  26|0x000000070ac00000, 0x000000070ac00000, 0x000000070ae00000|  0%| F|  |TAMS 0x000000070ac00000, 0x000000070ac00000| Untracked 
|  27|0x000000070ae00000, 0x000000070ae00000, 0x000000070b000000|  0%| F|  |TAMS 0x000000070ae00000, 0x000000070ae00000| Untracked 
|  28|0x000000070b000000, 0x000000070b000000, 0x000000070b200000|  0%| F|  |TAMS 0x000000070b000000, 0x000000070b000000| Untracked 
|  29|0x000000070b200000, 0x000000070b200000, 0x000000070b400000|  0%| F|  |TAMS 0x000000070b200000, 0x000000070b200000| Untracked 
|  30|0x000000070b400000, 0x000000070b400000, 0x000000070b600000|  0%| F|  |TAMS 0x000000070b400000, 0x000000070b400000| Untracked 
|  31|0x000000070b600000, 0x000000070b600000, 0x000000070b800000|  0%| F|  |TAMS 0x000000070b600000, 0x000000070b600000| Untracked 
|  32|0x000000070b800000, 0x000000070b800000, 0x000000070ba00000|  0%| F|  |TAMS 0x000000070b800000, 0x000000070b800000| Untracked 
|  33|0x000000070ba00000, 0x000000070ba00000, 0x000000070bc00000|  0%| F|  |TAMS 0x000000070ba00000, 0x000000070ba00000| Untracked 
|  34|0x000000070bc00000, 0x000000070bc00000, 0x000000070be00000|  0%| F|  |TAMS 0x000000070bc00000, 0x000000070bc00000| Untracked 
|  35|0x000000070be00000, 0x000000070be00000, 0x000000070c000000|  0%| F|  |TAMS 0x000000070be00000, 0x000000070be00000| Untracked 
|  36|0x000000070c000000, 0x000000070c000000, 0x000000070c200000|  0%| F|  |TAMS 0x000000070c000000, 0x000000070c000000| Untracked 
|  37|0x000000070c200000, 0x000000070c200000, 0x000000070c400000|  0%| F|  |TAMS 0x000000070c200000, 0x000000070c200000| Untracked 
|  38|0x000000070c400000, 0x000000070c400000, 0x000000070c600000|  0%| F|  |TAMS 0x000000070c400000, 0x000000070c400000| Untracked 
|  39|0x000000070c600000, 0x000000070c600000, 0x000000070c800000|  0%| F|  |TAMS 0x000000070c600000, 0x000000070c600000| Untracked 
|  40|0x000000070c800000, 0x000000070c800000, 0x000000070ca00000|  0%| F|  |TAMS 0x000000070c800000, 0x000000070c800000| Untracked 
|  41|0x000000070ca00000, 0x000000070ca00000, 0x000000070cc00000|  0%| F|  |TAMS 0x000000070ca00000, 0x000000070ca00000| Untracked 
|  42|0x000000070cc00000, 0x000000070cc00000, 0x000000070ce00000|  0%| F|  |TAMS 0x000000070cc00000, 0x000000070cc00000| Untracked 
|  43|0x000000070ce00000, 0x000000070ce00000, 0x000000070d000000|  0%| F|  |TAMS 0x000000070ce00000, 0x000000070ce00000| Untracked 
|  44|0x000000070d000000, 0x000000070d000000, 0x000000070d200000|  0%| F|  |TAMS 0x000000070d000000, 0x000000070d000000| Untracked 
|  45|0x000000070d200000, 0x000000070d200000, 0x000000070d400000|  0%| F|  |TAMS 0x000000070d200000, 0x000000070d200000| Untracked 
|  46|0x000000070d400000, 0x000000070d400000, 0x000000070d600000|  0%| F|  |TAMS 0x000000070d400000, 0x000000070d400000| Untracked 
|  47|0x000000070d600000, 0x000000070d600000, 0x000000070d800000|  0%| F|  |TAMS 0x000000070d600000, 0x000000070d600000| Untracked 
|  48|0x000000070d800000, 0x000000070d800000, 0x000000070da00000|  0%| F|  |TAMS 0x000000070d800000, 0x000000070d800000| Untracked 
|  49|0x000000070da00000, 0x000000070da00000, 0x000000070dc00000|  0%| F|  |TAMS 0x000000070da00000, 0x000000070da00000| Untracked 
|  50|0x000000070dc00000, 0x000000070dc00000, 0x000000070de00000|  0%| F|  |TAMS 0x000000070dc00000, 0x000000070dc00000| Untracked 
|  51|0x000000070de00000, 0x000000070de00000, 0x000000070e000000|  0%| F|  |TAMS 0x000000070de00000, 0x000000070de00000| Untracked 
|  52|0x000000070e000000, 0x000000070e000000, 0x000000070e200000|  0%| F|  |TAMS 0x000000070e000000, 0x000000070e000000| Untracked 
|  53|0x000000070e200000, 0x000000070e200000, 0x000000070e400000|  0%| F|  |TAMS 0x000000070e200000, 0x000000070e200000| Untracked 
|  54|0x000000070e400000, 0x000000070e400000, 0x000000070e600000|  0%| F|  |TAMS 0x000000070e400000, 0x000000070e400000| Untracked 
|  55|0x000000070e600000, 0x000000070e600000, 0x000000070e800000|  0%| F|  |TAMS 0x000000070e600000, 0x000000070e600000| Untracked 
|  56|0x000000070e800000, 0x000000070e800000, 0x000000070ea00000|  0%| F|  |TAMS 0x000000070e800000, 0x000000070e800000| Untracked 
|  57|0x000000070ea00000, 0x000000070ea00000, 0x000000070ec00000|  0%| F|  |TAMS 0x000000070ea00000, 0x000000070ea00000| Untracked 
|  58|0x000000070ec00000, 0x000000070ec00000, 0x000000070ee00000|  0%| F|  |TAMS 0x000000070ec00000, 0x000000070ec00000| Untracked 
|  59|0x000000070ee00000, 0x000000070ee00000, 0x000000070f000000|  0%| F|  |TAMS 0x000000070ee00000, 0x000000070ee00000| Untracked 
|  60|0x000000070f000000, 0x000000070f000000, 0x000000070f200000|  0%| F|  |TAMS 0x000000070f000000, 0x000000070f000000| Untracked 
|  61|0x000000070f200000, 0x000000070f200000, 0x000000070f400000|  0%| F|  |TAMS 0x000000070f200000, 0x000000070f200000| Untracked 
|  62|0x000000070f400000, 0x000000070f400000, 0x000000070f600000|  0%| F|  |TAMS 0x000000070f400000, 0x000000070f400000| Untracked 
|  63|0x000000070f600000, 0x000000070f600000, 0x000000070f800000|  0%| F|  |TAMS 0x000000070f600000, 0x000000070f600000| Untracked 
|  64|0x000000070f800000, 0x000000070f800000, 0x000000070fa00000|  0%| F|  |TAMS 0x000000070f800000, 0x000000070f800000| Untracked 
|  65|0x000000070fa00000, 0x000000070fa00000, 0x000000070fc00000|  0%| F|  |TAMS 0x000000070fa00000, 0x000000070fa00000| Untracked 
|  66|0x000000070fc00000, 0x000000070fc00000, 0x000000070fe00000|  0%| F|  |TAMS 0x000000070fc00000, 0x000000070fc00000| Untracked 
|  67|0x000000070fe00000, 0x000000070fe00000, 0x0000000710000000|  0%| F|  |TAMS 0x000000070fe00000, 0x000000070fe00000| Untracked 
|  68|0x0000000710000000, 0x0000000710000000, 0x0000000710200000|  0%| F|  |TAMS 0x0000000710000000, 0x0000000710000000| Untracked 
|  69|0x0000000710200000, 0x0000000710200000, 0x0000000710400000|  0%| F|  |TAMS 0x0000000710200000, 0x0000000710200000| Untracked 
|  70|0x0000000710400000, 0x0000000710400000, 0x0000000710600000|  0%| F|  |TAMS 0x0000000710400000, 0x0000000710400000| Untracked 
|  71|0x0000000710600000, 0x0000000710600000, 0x0000000710800000|  0%| F|  |TAMS 0x0000000710600000, 0x0000000710600000| Untracked 
|  72|0x0000000710800000, 0x0000000710800000, 0x0000000710a00000|  0%| F|  |TAMS 0x0000000710800000, 0x0000000710800000| Untracked 
|  73|0x0000000710a00000, 0x0000000710a00000, 0x0000000710c00000|  0%| F|  |TAMS 0x0000000710a00000, 0x0000000710a00000| Untracked 
|  74|0x0000000710c00000, 0x0000000710c00000, 0x0000000710e00000|  0%| F|  |TAMS 0x0000000710c00000, 0x0000000710c00000| Untracked 
|  75|0x0000000710e00000, 0x0000000710e00000, 0x0000000711000000|  0%| F|  |TAMS 0x0000000710e00000, 0x0000000710e00000| Untracked 
|  76|0x0000000711000000, 0x0000000711000000, 0x0000000711200000|  0%| F|  |TAMS 0x0000000711000000, 0x0000000711000000| Untracked 
|  77|0x0000000711200000, 0x0000000711200000, 0x0000000711400000|  0%| F|  |TAMS 0x0000000711200000, 0x0000000711200000| Untracked 
|  78|0x0000000711400000, 0x0000000711400000, 0x0000000711600000|  0%| F|  |TAMS 0x0000000711400000, 0x0000000711400000| Untracked 
|  79|0x0000000711600000, 0x0000000711600000, 0x0000000711800000|  0%| F|  |TAMS 0x0000000711600000, 0x0000000711600000| Untracked 
|  80|0x0000000711800000, 0x0000000711800000, 0x0000000711a00000|  0%| F|  |TAMS 0x0000000711800000, 0x0000000711800000| Untracked 
|  81|0x0000000711a00000, 0x0000000711a00000, 0x0000000711c00000|  0%| F|  |TAMS 0x0000000711a00000, 0x0000000711a00000| Untracked 
|  82|0x0000000711c00000, 0x0000000711c00000, 0x0000000711e00000|  0%| F|  |TAMS 0x0000000711c00000, 0x0000000711c00000| Untracked 
|  83|0x0000000711e00000, 0x0000000711e00000, 0x0000000712000000|  0%| F|  |TAMS 0x0000000711e00000, 0x0000000711e00000| Untracked 
|  84|0x0000000712000000, 0x0000000712000000, 0x0000000712200000|  0%| F|  |TAMS 0x0000000712000000, 0x0000000712000000| Untracked 
|  85|0x0000000712200000, 0x0000000712200000, 0x0000000712400000|  0%| F|  |TAMS 0x0000000712200000, 0x0000000712200000| Untracked 
|  86|0x0000000712400000, 0x0000000712400000, 0x0000000712600000|  0%| F|  |TAMS 0x0000000712400000, 0x0000000712400000| Untracked 
|  87|0x0000000712600000, 0x0000000712600000, 0x0000000712800000|  0%| F|  |TAMS 0x0000000712600000, 0x0000000712600000| Untracked 
|  88|0x0000000712800000, 0x0000000712800000, 0x0000000712a00000|  0%| F|  |TAMS 0x0000000712800000, 0x0000000712800000| Untracked 
|  89|0x0000000712a00000, 0x0000000712a00000, 0x0000000712c00000|  0%| F|  |TAMS 0x0000000712a00000, 0x0000000712a00000| Untracked 
|  90|0x0000000712c00000, 0x0000000712c00000, 0x0000000712e00000|  0%| F|  |TAMS 0x0000000712c00000, 0x0000000712c00000| Untracked 
|  91|0x0000000712e00000, 0x0000000712e00000, 0x0000000713000000|  0%| F|  |TAMS 0x0000000712e00000, 0x0000000712e00000| Untracked 
|  92|0x0000000713000000, 0x0000000713000000, 0x0000000713200000|  0%| F|  |TAMS 0x0000000713000000, 0x0000000713000000| Untracked 
|  93|0x0000000713200000, 0x0000000713200000, 0x0000000713400000|  0%| F|  |TAMS 0x0000000713200000, 0x0000000713200000| Untracked 
|  94|0x0000000713400000, 0x0000000713400000, 0x0000000713600000|  0%| F|  |TAMS 0x0000000713400000, 0x0000000713400000| Untracked 
|  95|0x0000000713600000, 0x0000000713600000, 0x0000000713800000|  0%| F|  |TAMS 0x0000000713600000, 0x0000000713600000| Untracked 
|  96|0x0000000713800000, 0x0000000713800000, 0x0000000713a00000|  0%| F|  |TAMS 0x0000000713800000, 0x0000000713800000| Untracked 
|  97|0x0000000713a00000, 0x0000000713a00000, 0x0000000713c00000|  0%| F|  |TAMS 0x0000000713a00000, 0x0000000713a00000| Untracked 
|  98|0x0000000713c00000, 0x0000000713c00000, 0x0000000713e00000|  0%| F|  |TAMS 0x0000000713c00000, 0x0000000713c00000| Untracked 
|  99|0x0000000713e00000, 0x0000000713e00000, 0x0000000714000000|  0%| F|  |TAMS 0x0000000713e00000, 0x0000000713e00000| Untracked 
| 100|0x0000000714000000, 0x0000000714000000, 0x0000000714200000|  0%| F|  |TAMS 0x0000000714000000, 0x0000000714000000| Untracked 
| 101|0x0000000714200000, 0x0000000714200000, 0x0000000714400000|  0%| F|  |TAMS 0x0000000714200000, 0x0000000714200000| Untracked 
| 102|0x0000000714400000, 0x0000000714400000, 0x0000000714600000|  0%| F|  |TAMS 0x0000000714400000, 0x0000000714400000| Untracked 
| 103|0x0000000714600000, 0x0000000714600000, 0x0000000714800000|  0%| F|  |TAMS 0x0000000714600000, 0x0000000714600000| Untracked 
| 104|0x0000000714800000, 0x0000000714800000, 0x0000000714a00000|  0%| F|  |TAMS 0x0000000714800000, 0x0000000714800000| Untracked 
| 105|0x0000000714a00000, 0x0000000714a00000, 0x0000000714c00000|  0%| F|  |TAMS 0x0000000714a00000, 0x0000000714a00000| Untracked 
| 106|0x0000000714c00000, 0x0000000714c00000, 0x0000000714e00000|  0%| F|  |TAMS 0x0000000714c00000, 0x0000000714c00000| Untracked 
| 107|0x0000000714e00000, 0x0000000714e00000, 0x0000000715000000|  0%| F|  |TAMS 0x0000000714e00000, 0x0000000714e00000| Untracked 
| 108|0x0000000715000000, 0x0000000715000000, 0x0000000715200000|  0%| F|  |TAMS 0x0000000715000000, 0x0000000715000000| Untracked 
| 109|0x0000000715200000, 0x0000000715200000, 0x0000000715400000|  0%| F|  |TAMS 0x0000000715200000, 0x0000000715200000| Untracked 
| 110|0x0000000715400000, 0x0000000715400000, 0x0000000715600000|  0%| F|  |TAMS 0x0000000715400000, 0x0000000715400000| Untracked 
| 111|0x0000000715600000, 0x0000000715600000, 0x0000000715800000|  0%| F|  |TAMS 0x0000000715600000, 0x0000000715600000| Untracked 
| 112|0x0000000715800000, 0x0000000715800000, 0x0000000715a00000|  0%| F|  |TAMS 0x0000000715800000, 0x0000000715800000| Untracked 
| 113|0x0000000715a00000, 0x0000000715a00000, 0x0000000715c00000|  0%| F|  |TAMS 0x0000000715a00000, 0x0000000715a00000| Untracked 
| 114|0x0000000715c00000, 0x0000000715c00000, 0x0000000715e00000|  0%| F|  |TAMS 0x0000000715c00000, 0x0000000715c00000| Untracked 
| 115|0x0000000715e00000, 0x0000000715e00000, 0x0000000716000000|  0%| F|  |TAMS 0x0000000715e00000, 0x0000000715e00000| Untracked 
| 116|0x0000000716000000, 0x0000000716000000, 0x0000000716200000|  0%| F|  |TAMS 0x0000000716000000, 0x0000000716000000| Untracked 
| 117|0x0000000716200000, 0x0000000716200000, 0x0000000716400000|  0%| F|  |TAMS 0x0000000716200000, 0x0000000716200000| Untracked 
| 118|0x0000000716400000, 0x0000000716400000, 0x0000000716600000|  0%| F|  |TAMS 0x0000000716400000, 0x0000000716400000| Untracked 
| 119|0x0000000716600000, 0x000000071675e5f0, 0x0000000716800000| 68%| S|CS|TAMS 0x0000000716600000, 0x0000000716600000| Complete 
| 120|0x0000000716800000, 0x0000000716800000, 0x0000000716a00000|  0%| F|  |TAMS 0x0000000716800000, 0x0000000716800000| Untracked 
| 121|0x0000000716a00000, 0x0000000716a00000, 0x0000000716c00000|  0%| F|  |TAMS 0x0000000716a00000, 0x0000000716a00000| Untracked 
| 122|0x0000000716c00000, 0x0000000716cff888, 0x0000000716e00000| 49%| E|  |TAMS 0x0000000716c00000, 0x0000000716c00000| Complete 
| 123|0x0000000716e00000, 0x0000000717000000, 0x0000000717000000|100%| E|CS|TAMS 0x0000000716e00000, 0x0000000716e00000| Complete 
| 124|0x0000000717000000, 0x0000000717200000, 0x0000000717200000|100%| E|CS|TAMS 0x0000000717000000, 0x0000000717000000| Complete 
|1986|0x00000007ffc00000, 0x00000007ffd75000, 0x00000007ffe00000| 72%|OA|  |TAMS 0x00000007ffc00000, 0x00000007ffc00000| Untracked 
|1987|0x00000007ffe00000, 0x00000007ffe77000, 0x0000000800000000| 23%|CA|  |TAMS 0x00000007ffe00000, 0x00000007ffe00000| Untracked 

Card table byte_map: [0x00007f4f44d54000,0x00007f4f45518000] _byte_map_base: 0x00007f4f41518000

Marking Bits (Prev, Next): (CMBitMap*) 0x00007f4f40096eb0, (CMBitMap*) 0x00007f4f40096ef0
 Prev Bits: [0x00007f4f251e0000, 0x00007f4f29000000)
 Next Bits: [0x00007f4f213c0000, 0x00007f4f251e0000)

Polling page: 0x00007f4f47a6d000

Metaspace:

Usage:
  Non-class:      6.92 MB used.
      Class:    845.70 KB used.
       Both:      7.74 MB used.

Virtual space:
  Non-class space:       64.00 MB reserved,       7.00 MB ( 11%) committed,  1 nodes.
      Class space:        1.00 GB reserved,     960.00 KB ( <1%) committed,  1 nodes.
             Both:        1.06 GB reserved,       7.94 MB ( <1%) committed. 

Chunk freelists:
   Non-Class:  7.95 MB
       Class:  14.92 MB
        Both:  22.87 MB

MaxMetaspaceSize: unlimited
CompressedClassSpaceSize: 1.00 GB
Initial GC threshold: 21.00 MB
Current GC threshold: 21.00 MB
CDS: on
MetaspaceReclaimPolicy: balanced
 - commit_granule_bytes: 65536.
 - commit_granule_words: 8192.
 - virtual_space_node_default_size: 8388608.
 - enlarge_chunks_in_place: 1.
 - new_chunks_are_fully_committed: 0.
 - uncommit_free_chunks: 1.
 - use_allocation_guard: 0.
 - handle_deallocations: 1.


Internal statistics:

num_allocs_failed_limit: 0.
num_arena_births: 86.
num_arena_deaths: 0.
num_vsnodes_births: 2.
num_vsnodes_deaths: 0.
num_space_committed: 127.
num_space_uncommitted: 0.
num_chunks_returned_to_freelist: 0.
num_chunks_taken_from_freelist: 312.
num_chunk_merges: 0.
num_chunk_splits: 198.
num_chunks_enlarged: 146.
num_inconsistent_stats: 0.

CodeHeap 'non-profiled nmethods': size=120032Kb used=457Kb max_used=457Kb free=119574Kb
 bounds [0x00007f4f30ac8000, 0x00007f4f30d38000, 0x00007f4f38000000]
CodeHeap 'profiled nmethods': size=120028Kb used=2067Kb max_used=2067Kb free=117960Kb
 bounds [0x00007f4f29000000, 0x00007f4f29270000, 0x00007f4f30537000]
CodeHeap 'non-nmethods': size=5700Kb used=1206Kb max_used=1227Kb free=4493Kb
 bounds [0x00007f4f30537000, 0x00007f4f307a7000, 0x00007f4f30ac8000]
 total_blobs=1693 nmethods=1179 adapters=428
 compilation: enabled
              stopped_count=0, restarted_count=0
 full_count=0

Compilation events (20 events):
Event: 1.052 Thread 0x00007f4f4018a720 1168       3       com.google.common.collect.ImmutableSet$RegularSetBuilderImpl::build (110 bytes)
Event: 1.052 Thread 0x00007f4e9c095e80 nmethod 1167 0x00007f4f30b39990 code [0x00007f4f30b39b00, 0x00007f4f30b39b78]
Event: 1.053 Thread 0x00007f4f4018a720 nmethod 1168 0x00007f4f29200990 code [0x00007f4f29200c40, 0x00007f4f29201a70]
Event: 1.053 Thread 0x00007f4f4018a720 1170       3       com.google.common.reflect.TypeToken$SimpleTypeToken::<init> (7 bytes)
Event: 1.053 Thread 0x00007f4f4018a720 nmethod 1170 0x00007f4f29201f90 code [0x00007f4f29202180, 0x00007f4f292026e0]
Event: 1.053 Thread 0x00007f4f4018a720 1172       3       java.lang.invoke.LambdaForm$MH/0x00007f4ec4084800::invoke (25 bytes)
Event: 1.053 Thread 0x00007f4f4018a720 nmethod 1172 0x00007f4f29202890 code [0x00007f4f29202a60, 0x00007f4f29202fb0]
Event: 1.053 Thread 0x00007f4f4018a720 1171       3       com.google.common.reflect.TypeToken::<init> (6 bytes)
Event: 1.054 Thread 0x00007f4f4018a720 nmethod 1171 0x00007f4f29203110 code [0x00007f4f29203300, 0x00007f4f292037e0]
Event: 1.054 Thread 0x00007f4f4018a720 1173       1       org.sosy_lab.java_smt.api.FormulaType$2::isIntegerType (2 bytes)
Event: 1.054 Thread 0x00007f4f4018a720 nmethod 1173 0x00007f4f30b39c90 code [0x00007f4f30b39e20, 0x00007f4f30b39ef0]
Event: 1.056 Thread 0x00007f4f4018a720 1174       3       java.lang.Integer::valueOf (32 bytes)
Event: 1.056 Thread 0x00007f4f4018a720 nmethod 1174 0x00007f4f29203990 code [0x00007f4f29203b60, 0x00007f4f29203e70]
Event: 1.057 Thread 0x00007f4f4018a720 1175       3       java.lang.Integer::hashCode (8 bytes)
Event: 1.057 Thread 0x00007f4f4018a720 nmethod 1175 0x00007f4f29203f90 code [0x00007f4f29204140, 0x00007f4f29204290]
Event: 1.057 Thread 0x00007f4f4018a720 1176       3       java.lang.Integer::hashCode (2 bytes)
Event: 1.057 Thread 0x00007f4f4018a720 nmethod 1176 0x00007f4f29204390 code [0x00007f4f29204520, 0x00007f4f29204610]
Event: 1.057 Thread 0x00007f4f4018a720 1177       1       com.microsoft.z3.enumerations.Z3_decl_kind::toInt (5 bytes)
Event: 1.058 Thread 0x00007f4f4018a720 nmethod 1177 0x00007f4f30b39f90 code [0x00007f4f30b3a120, 0x00007f4f30b3a1f0]
Event: 1.058 Thread 0x00007f4f4018a720 1179       3       com.google.common.collect.ImmutableCollection$Builder::expandedCapacity (52 bytes)

GC Heap History (4 events):
Event: 0.409 GC heap before
{Heap before GC invocations=0 (full 0):
 garbage-first heap   total 260096K, used 12208K [0x0000000707800000, 0x0000000800000000)
  region size 2048K, 6 young (12288K), 0 survivors (0K)
 Metaspace       used 2069K, committed 2176K, reserved 1114112K
  class space    used 204K, committed 256K, reserved 1048576K
}
Event: 0.415 GC heap after
{Heap after GC invocations=1 (full 0):
 garbage-first heap   total 260096K, used 7166K [0x0000000707800000, 0x0000000800000000)
  region size 2048K, 1 young (2048K), 1 survivors (2048K)
 Metaspace       used 2069K, committed 2176K, reserved 1114112K
  class space    used 204K, committed 256K, reserved 1048576K
}
Event: 0.867 GC heap before
{Heap before GC invocations=1 (full 0):
 garbage-first heap   total 260096K, used 17406K [0x0000000707800000, 0x0000000800000000)
  region size 2048K, 6 young (12288K), 1 survivors (2048K)
 Metaspace       used 6200K, committed 6336K, reserved 1114112K
  class space    used 691K, committed 768K, reserved 1048576K
}
Event: 0.873 GC heap after
{Heap after GC invocations=2 (full 0):
 garbage-first heap   total 260096K, used 8644K [0x0000000707800000, 0x0000000800000000)
  region size 2048K, 1 young (2048K), 1 survivors (2048K)
 Metaspace       used 6200K, committed 6336K, reserved 1114112K
  class space    used 691K, committed 768K, reserved 1048576K
}

Dll operation events (10 events):
Event: 0.002 Loaded shared library /usr/lib/jvm/openjdk17/lib/libjava.so
Event: 0.026 Loaded shared library /usr/lib/jvm/openjdk17/lib/libjsvml.so
Event: 0.055 Loaded shared library /usr/lib/jvm/openjdk17/lib/libnio.so
Event: 0.057 Loaded shared library /usr/lib/jvm/openjdk17/lib/libzip.so
Event: 0.167 Loaded shared library /usr/lib/jvm/openjdk17/lib/libverify.so
Event: 0.205 Loaded shared library /usr/lib/jvm/openjdk17/lib/libnet.so
Event: 0.237 Loaded shared library /usr/lib/jvm/openjdk17/lib/libjimage.so
Event: 0.774 Loaded shared library /home/rabeal/Studium/cpachecker/lib/java/runtime/libmathsat5j.so
Event: 1.001 Loaded shared library /home/rabeal/Studium/cpachecker/lib/java/runtime/libz3.so
Event: 1.002 Loaded shared library /home/rabeal/Studium/cpachecker/lib/java/runtime/libz3java.so

Deoptimization events (20 events):
Event: 0.993 Thread 0x00007f4f4002c2d0 Uncommon trap: trap_request=0xffffffc6 fr.pc=0x00007f4f30b3567c relative=0x0000000000000e3c
Event: 0.993 Thread 0x00007f4f4002c2d0 Uncommon trap: reason=bimorphic_or_optimized_type_check action=maybe_recompile pc=0x00007f4f30b3567c method=java.util.HashMap.putVal(ILjava/lang/Object;Ljava/lang/Object;ZZ)Ljava/lang/Object; @ 152 c2
Event: 0.993 Thread 0x00007f4f4002c2d0 DEOPT PACKING pc=0x00007f4f30b3567c sp=0x00007f4f463fda80
Event: 0.993 Thread 0x00007f4f4002c2d0 DEOPT UNPACKING pc=0x00007f4f3058d699 sp=0x00007f4f463fda10 mode 2
Event: 1.057 Thread 0x00007f4f4002c2d0 Uncommon trap: trap_request=0xffffffde fr.pc=0x00007f4f30b24078 relative=0x00000000000003b8
Event: 1.057 Thread 0x00007f4f4002c2d0 Uncommon trap: reason=class_check action=maybe_recompile pc=0x00007f4f30b24078 method=java.util.HashMap.getNode(Ljava/lang/Object;)Ljava/util/HashMap$Node; @ 63 c2
Event: 1.057 Thread 0x00007f4f4002c2d0 DEOPT PACKING pc=0x00007f4f30b24078 sp=0x00007f4f463fcd30
Event: 1.057 Thread 0x00007f4f4002c2d0 DEOPT UNPACKING pc=0x00007f4f3058d699 sp=0x00007f4f463fcc68 mode 2
Event: 1.058 Thread 0x00007f4f4002c2d0 Uncommon trap: trap_request=0xffffffde fr.pc=0x00007f4f30b24078 relative=0x00000000000003b8
Event: 1.058 Thread 0x00007f4f4002c2d0 Uncommon trap: reason=class_check action=maybe_recompile pc=0x00007f4f30b24078 method=java.util.HashMap.getNode(Ljava/lang/Object;)Ljava/util/HashMap$Node; @ 63 c2
Event: 1.058 Thread 0x00007f4f4002c2d0 DEOPT PACKING pc=0x00007f4f30b24078 sp=0x00007f4f463fcd30
Event: 1.058 Thread 0x00007f4f4002c2d0 DEOPT UNPACKING pc=0x00007f4f3058d699 sp=0x00007f4f463fcc68 mode 2
Event: 1.058 Thread 0x00007f4f4002c2d0 Uncommon trap: trap_request=0xffffffde fr.pc=0x00007f4f30b24078 relative=0x00000000000003b8
Event: 1.058 Thread 0x00007f4f4002c2d0 Uncommon trap: reason=class_check action=maybe_recompile pc=0x00007f4f30b24078 method=java.util.HashMap.getNode(Ljava/lang/Object;)Ljava/util/HashMap$Node; @ 63 c2
Event: 1.058 Thread 0x00007f4f4002c2d0 DEOPT PACKING pc=0x00007f4f30b24078 sp=0x00007f4f463fcd30
Event: 1.058 Thread 0x00007f4f4002c2d0 DEOPT UNPACKING pc=0x00007f4f3058d699 sp=0x00007f4f463fcc68 mode 2
Event: 1.058 Thread 0x00007f4f4002c2d0 Uncommon trap: trap_request=0xffffffde fr.pc=0x00007f4f30b18c80 relative=0x00000000000003c0
Event: 1.058 Thread 0x00007f4f4002c2d0 Uncommon trap: reason=class_check action=maybe_recompile pc=0x00007f4f30b18c80 method=java.util.HashMap.getNode(Ljava/lang/Object;)Ljava/util/HashMap$Node; @ 63 c2
Event: 1.058 Thread 0x00007f4f4002c2d0 DEOPT PACKING pc=0x00007f4f30b18c80 sp=0x00007f4f463fcd90
Event: 1.058 Thread 0x00007f4f4002c2d0 DEOPT UNPACKING pc=0x00007f4f3058d699 sp=0x00007f4f463fcd38 mode 2

Classes loaded (20 events):
Event: 0.963 Loading class java/lang/StrictMath
Event: 0.964 Loading class java/lang/StrictMath done
Event: 0.968 Loading class java/util/LinkedHashMap$LinkedKeyIterator
Event: 0.968 Loading class java/util/LinkedHashMap$LinkedKeyIterator done
Event: 1.040 Loading class java/lang/StackWalker$Option
Event: 1.040 Loading class java/lang/StackWalker$Option done
Event: 1.040 Loading class java/lang/StackStreamFactory
Event: 1.040 Loading class java/lang/StackStreamFactory done
Event: 1.040 Loading class java/lang/StackStreamFactory$CallerClassFinder
Event: 1.040 Loading class java/lang/StackStreamFactory$CallerClassFinder done
Event: 1.040 Loading class java/lang/StackWalker$ExtendedOption
Event: 1.040 Loading class java/lang/StackWalker$ExtendedOption done
Event: 1.040 Loading class java/lang/StackStreamFactory$WalkerState
Event: 1.040 Loading class java/lang/StackStreamFactory$WalkerState done
Event: 1.041 Loading class java/lang/StackStreamFactory$1
Event: 1.041 Loading class java/lang/StackStreamFactory$1 done
Event: 1.041 Loading class java/lang/StackStreamFactory$CallerClassFinder$ClassBuffer
Event: 1.041 Loading class java/lang/StackStreamFactory$FrameBuffer
Event: 1.041 Loading class java/lang/StackStreamFactory$FrameBuffer done
Event: 1.041 Loading class java/lang/StackStreamFactory$CallerClassFinder$ClassBuffer done

Classes unloaded (0 events):
No events

Classes redefined (0 events):
No events

Internal exceptions (15 events):
Event: 0.415 Thread 0x00007f4f4002c2d0 Exception <a 'java/lang/NoSuchMethodError'{0x0000000716400190}: 'java.lang.Object java.lang.invoke.DirectMethodHandle$Holder.invokeInterface(java.lang.Object, java.lang.Object)'> (0x0000000716400190) 
thrown [../../src/hotspot/share/interpreter/linkResolver.cpp, line 758]
Event: 0.416 Thread 0x00007f4f4002c2d0 Exception <a 'java/lang/IncompatibleClassChangeError'{0x00000007170034f0}: Found class java.lang.Object, but interface was expected> (0x00000007170034f0) 
thrown [../../src/hotspot/share/interpreter/linkResolver.cpp, line 826]
Event: 0.446 Thread 0x00007f4f4002c2d0 Exception <a 'java/lang/NoSuchMethodError'{0x000000071707acb0}: 'java.lang.Object java.lang.invoke.DirectMethodHandle$Holder.newInvokeSpecial(java.lang.Object, java.lang.Object, java.lang.Object, java.lang.Object, java.lang.Object)'> (0x000000071707acb0) 
thrown [../../src/hotspot/share/interpreter/linkResolver.cpp, line 758]
Event: 0.497 Thread 0x00007f4f4002c2d0 Implicit null exception at 0x00007f4f30aec360 to 0x00007f4f30aed4a4
Event: 0.577 Thread 0x00007f4f4002c2d0 Exception <a 'java/lang/NoSuchMethodError'{0x0000000716e67010}: 'java.lang.Object java.lang.invoke.DirectMethodHandle$Holder.invokeStaticInit(java.lang.Object)'> (0x0000000716e67010) 
thrown [../../src/hotspot/share/interpreter/linkResolver.cpp, line 758]
Event: 0.594 Thread 0x00007f4f4002c2d0 Exception <a 'java/net/UnknownHostException'{0x0000000716e73b38}> (0x0000000716e73b38) 
thrown [../../src/hotspot/share/prims/jni.cpp, line 516]
Event: 0.632 Thread 0x00007f4f4002c2d0 Exception <a 'java/lang/NoSuchMethodError'{0x0000000716ee6a30}: 'void java.lang.invoke.DirectMethodHandle$Holder.invokeSpecial(java.lang.Object, java.lang.Object, java.lang.Object)'> (0x0000000716ee6a30) 
thrown [../../src/hotspot/share/interpreter/linkResolver.cpp, line 758]
Event: 0.712 Thread 0x00007f4f4002c2d0 Exception <a 'java/lang/NoSuchMethodError'{0x0000000716d2a6b8}: 'void java.lang.invoke.DirectMethodHandle$Holder.invokeStatic(java.lang.Object, java.lang.Object)'> (0x0000000716d2a6b8) 
thrown [../../src/hotspot/share/interpreter/linkResolver.cpp, line 758]
Event: 0.713 Thread 0x00007f4f4002c2d0 Exception <a 'java/lang/NoSuchMethodError'{0x0000000716d2deb8}: 'void java.lang.invoke.DirectMethodHandle$Holder.invokeStaticInit(java.lang.Object, java.lang.Object)'> (0x0000000716d2deb8) 
thrown [../../src/hotspot/share/interpreter/linkResolver.cpp, line 758]
Event: 0.765 Thread 0x00007f4f4002c2d0 Exception <a 'java/lang/NoSuchMethodError'{0x0000000716ad8770}: 'int java.lang.invoke.DirectMethodHandle$Holder.invokeStaticInit(java.lang.Object, java.lang.Object)'> (0x0000000716ad8770) 
thrown [../../src/hotspot/share/interpreter/linkResolver.cpp, line 758]
Event: 0.832 Thread 0x00007f4f4002c2d0 Exception <a 'java/lang/NoSuchMethodError'{0x00000007168f1d68}: 'java.lang.Object java.lang.invoke.DirectMethodHandle$Holder.invokeVirtual(java.lang.Object, java.lang.Object, java.lang.Object, java.lang.Object)'> (0x00000007168f1d68) 
thrown [../../src/hotspot/share/interpreter/linkResolver.cpp, line 758]
Event: 0.844 Thread 0x00007f4f4002c2d0 Exception <a 'java/lang/NoSuchMethodError'{0x0000000716958788}: 'void java.lang.invoke.DirectMethodHandle$Holder.invokeSpecial(java.lang.Object, java.lang.Object, java.lang.Object, java.lang.Object, java.lang.Object)'> (0x0000000716958788) 
thrown [../../src/hotspot/share/interpreter/linkResolver.cpp, line 758]
Event: 0.947 Thread 0x00007f4f4002c2d0 Exception <a 'java/lang/reflect/InvocationTargetException'{0x0000000716e1eba8}> (0x0000000716e1eba8) 
thrown [../../src/hotspot/share/runtime/reflection.cpp, line 1126]
Event: 0.967 Thread 0x00007f4f4002c2d0 Exception <a 'java/lang/NoSuchMethodError'{0x0000000716eb8bd8}: 'void java.lang.invoke.DirectMethodHandle$Holder.invokeInterface(java.lang.Object, java.lang.Object)'> (0x0000000716eb8bd8) 
thrown [../../src/hotspot/share/interpreter/linkResolver.cpp, line 758]
Event: 1.050 Thread 0x00007f4f4002c2d0 Exception <a 'java/lang/NoSuchMethodError'{0x0000000716c96798}: 'void java.lang.invoke.DirectMethodHandle$Holder.invokeStatic(java.lang.Object, java.lang.Object, java.lang.Object)'> (0x0000000716c96798) 
thrown [../../src/hotspot/share/interpreter/linkResolver.cpp, line 758]

VM Operations (16 events):
Event: 0.409 Executing VM operation: G1CollectForAllocation
Event: 0.415 Executing VM operation: G1CollectForAllocation done
Event: 0.525 Executing VM operation: HandshakeAllThreads
Event: 0.525 Executing VM operation: HandshakeAllThreads done
Event: 0.580 Executing VM operation: HandshakeAllThreads
Event: 0.580 Executing VM operation: HandshakeAllThreads done
Event: 0.867 Executing VM operation: G1CollectForAllocation
Event: 0.873 Executing VM operation: G1CollectForAllocation done
Event: 0.901 Executing VM operation: HandshakeAllThreads
Event: 0.901 Executing VM operation: HandshakeAllThreads done
Event: 0.912 Executing VM operation: HandshakeAllThreads
Event: 0.912 Executing VM operation: HandshakeAllThreads done
Event: 0.917 Executing VM operation: HandshakeAllThreads
Event: 0.917 Executing VM operation: HandshakeAllThreads done
Event: 0.917 Executing VM operation: HandshakeAllThreads
Event: 0.917 Executing VM operation: HandshakeAllThreads done

Memory protections (12 events):
Event: 0.002 Protecting memory [0x00007f4f46300000,0x00007f4f46304000] with protection modes 0
Event: 0.029 Protecting memory [0x00007f4f20c69000,0x00007f4f20c6d000] with protection modes 0
Event: 0.029 Protecting memory [0x00007f4f20b69000,0x00007f4f20b6d000] with protection modes 0
Event: 0.033 Protecting memory [0x00007f4f20700000,0x00007f4f20704000] with protection modes 0
Event: 0.033 Protecting memory [0x00007f4f20600000,0x00007f4f20604000] with protection modes 0
Event: 0.033 Protecting memory [0x00007f4f20500000,0x00007f4f20504000] with protection modes 0
Event: 0.034 Protecting memory [0x00007f4f20400000,0x00007f4f20404000] with protection modes 0
Event: 0.034 Protecting memory [0x00007f4f20300000,0x00007f4f20304000] with protection modes 0
Event: 0.034 Protecting memory [0x00007f4f20200000,0x00007f4f20204000] with protection modes 0
Event: 0.050 Protecting memory [0x00007f4f20100000,0x00007f4f20104000] with protection modes 0
Event: 0.053 Protecting memory [0x00007f4f20000000,0x00007f4f20004000] with protection modes 0
Event: 0.090 Protecting memory [0x00007f4f11dff000,0x00007f4f11e03000] with protection modes 0

Nmethod flushes (0 events):
No events

Events (12 events):
Event: 0.026 Thread 0x00007f4f4002c2d0 Thread added: 0x00007f4f4002c2d0
Event: 0.029 Thread 0x00007f4f4002c2d0 Thread added: 0x00007f4f4017e6c0
Event: 0.029 Thread 0x00007f4f4002c2d0 Thread added: 0x00007f4f4017fab0
Event: 0.033 Thread 0x00007f4f4002c2d0 Thread added: 0x00007f4f40185040
Event: 0.033 Thread 0x00007f4f4002c2d0 Thread added: 0x00007f4f40186400
Event: 0.033 Thread 0x00007f4f4002c2d0 Thread added: 0x00007f4f40187820
Event: 0.034 Thread 0x00007f4f4002c2d0 Thread added: 0x00007f4f401891e0
Event: 0.034 Thread 0x00007f4f4002c2d0 Thread added: 0x00007f4f4018a720
Event: 0.034 Thread 0x00007f4f4002c2d0 Thread added: 0x00007f4f40193b90
Event: 0.050 Thread 0x00007f4f4002c2d0 Thread added: 0x00007f4f4019b900
Event: 0.053 Thread 0x00007f4f4002c2d0 Thread added: 0x00007f4f4019f3c0
Event: 0.090 Thread 0x00007f4f4018a720 Thread added: 0x00007f4e9c095e80


Dynamic libraries:
707800000-717200000 rw-p 00000000 00:00 0 
717200000-7ffc00000 ---p 00000000 00:00 0 
7ffc00000-7ffd00000 rw-p 00000000 00:00 0 
7ffd00000-7ffd75000 rw-p 00c78000 fe:02 4106742                          /usr/lib/jvm/openjdk17/lib/server/classes.jsa
7ffd75000-7ffe00000 rw-p 00000000 00:00 0 
7ffe00000-7ffe77000 rw-p 00c01000 fe:02 4106742                          /usr/lib/jvm/openjdk17/lib/server/classes.jsa
7ffe77000-800000000 rw-p 00000000 00:00 0 
560c8fd1a000-560c8fd1b000 r--p 00000000 fe:02 294248669                  /usr/lib/jvm/openjdk17/bin/java
560c8fd1b000-560c8fd1c000 r-xp 00001000 fe:02 294248669                  /usr/lib/jvm/openjdk17/bin/java
560c8fd1c000-560c8fd1d000 r--p 00002000 fe:02 294248669                  /usr/lib/jvm/openjdk17/bin/java
560c8fd1d000-560c8fd1e000 r--p 00002000 fe:02 294248669                  /usr/lib/jvm/openjdk17/bin/java
560c8fd1e000-560c8fd1f000 rw-p 00003000 fe:02 294248669                  /usr/lib/jvm/openjdk17/bin/java
560ca21f2000-560ca223c000 rw-p 00000000 00:00 0                          [heap]
7f4e7c000000-7f4e7c021000 rw-p 00000000 00:00 0 
7f4e7c021000-7f4e80000000 ---p 00000000 00:00 0 
7f4e84000000-7f4e84021000 rw-p 00000000 00:00 0 
7f4e84021000-7f4e88000000 ---p 00000000 00:00 0 
7f4e88000000-7f4e88021000 rw-p 00000000 00:00 0 
7f4e88021000-7f4e8c000000 ---p 00000000 00:00 0 
7f4e8c000000-7f4e8c021000 rw-p 00000000 00:00 0 
7f4e8c021000-7f4e90000000 ---p 00000000 00:00 0 
7f4e90000000-7f4e90314000 rw-p 00000000 00:00 0 
7f4e90314000-7f4e94000000 ---p 00000000 00:00 0 
7f4e94000000-7f4e94021000 rw-p 00000000 00:00 0 
7f4e94021000-7f4e98000000 ---p 00000000 00:00 0 
7f4e98000000-7f4e98021000 rw-p 00000000 00:00 0 
7f4e98021000-7f4e9c000000 ---p 00000000 00:00 0 
7f4e9c000000-7f4e9c376000 rw-p 00000000 00:00 0 
7f4e9c376000-7f4ea0000000 ---p 00000000 00:00 0 
7f4ea0000000-7f4ea0021000 rw-p 00000000 00:00 0 
7f4ea0021000-7f4ea4000000 ---p 00000000 00:00 0 
7f4ea4000000-7f4ea4021000 rw-p 00000000 00:00 0 
7f4ea4021000-7f4ea8000000 ---p 00000000 00:00 0 
7f4ea8000000-7f4ea843e000 rw-p 00000000 00:00 0 
7f4ea843e000-7f4eac000000 ---p 00000000 00:00 0 
7f4eac000000-7f4eac021000 rw-p 00000000 00:00 0 
7f4eac021000-7f4eb0000000 ---p 00000000 00:00 0 
7f4eb0000000-7f4eb0021000 rw-p 00000000 00:00 0 
7f4eb0021000-7f4eb4000000 ---p 00000000 00:00 0 
7f4eb4000000-7f4eb4021000 rw-p 00000000 00:00 0 
7f4eb4021000-7f4eb8000000 ---p 00000000 00:00 0 
7f4eb8000000-7f4eb8021000 rw-p 00000000 00:00 0 
7f4eb8021000-7f4ebc000000 ---p 00000000 00:00 0 
7f4ebc000000-7f4ebc021000 rw-p 00000000 00:00 0 
7f4ebc021000-7f4ec0000000 ---p 00000000 00:00 0 
7f4ec0bdf000-7f4ec1400000 rw-p 00000000 00:00 0 
7f4ec1400000-7f4ec1497000 r--p 00000000 fe:02 7029515                    /home/rabeal/Studium/cpachecker/lib/java/runtime/libz3.so
7f4ec1497000-7f4ec2b33000 r-xp 00097000 fe:02 7029515                    /home/rabeal/Studium/cpachecker/lib/java/runtime/libz3.so
7f4ec2b33000-7f4ec2e9f000 r--p 01733000 fe:02 7029515                    /home/rabeal/Studium/cpachecker/lib/java/runtime/libz3.so
7f4ec2e9f000-7f4ec2ea0000 ---p 01a9f000 fe:02 7029515                    /home/rabeal/Studium/cpachecker/lib/java/runtime/libz3.so
7f4ec2ea0000-7f4ec2ece000 r--p 01a9f000 fe:02 7029515                    /home/rabeal/Studium/cpachecker/lib/java/runtime/libz3.so
7f4ec2ece000-7f4ec2ed1000 rw-p 01acd000 fe:02 7029515                    /home/rabeal/Studium/cpachecker/lib/java/runtime/libz3.so
7f4ec2ed1000-7f4ec2ed2000 rw-p 00000000 00:00 0 
7f4ec3000000-7f4ec3bc9000 rw-p 00001000 fe:02 4106742                    /usr/lib/jvm/openjdk17/lib/server/classes.jsa
7f4ec3bc9000-7f4ec4000000 ---p 00000000 00:00 0 
7f4ec4000000-7f4ec4030000 rw-p 00000000 00:00 0 
7f4ec4030000-7f4ec40b0000 rw-p 00000000 00:00 0 
7f4ec40b0000-7f4ec40d0000 rw-p 00000000 00:00 0 
7f4ec40d0000-7f4ec4100000 ---p 00000000 00:00 0 
7f4ec4100000-7f4ec4120000 rw-p 00000000 00:00 0 
7f4ec4120000-7f4f04000000 ---p 00000000 00:00 0 
7f4f04000000-7f4f04021000 rw-p 00000000 00:00 0 
7f4f04021000-7f4f08000000 ---p 00000000 00:00 0 
7f4f08000000-7f4f082f0000 rw-p 00000000 00:00 0 
7f4f082f0000-7f4f08400000 ---p 00000000 00:00 0 
7f4f08400000-7f4f08810000 rw-p 00000000 00:00 0 
7f4f08810000-7f4f0c000000 ---p 00000000 00:00 0 
7f4f0c000000-7f4f0c021000 rw-p 00000000 00:00 0 
7f4f0c021000-7f4f10000000 ---p 00000000 00:00 0 
7f4f101df000-7f4f10a00000 rw-p 00000000 00:00 0 
7f4f10a00000-7f4f10aa3000 r--p 00000000 fe:02 6338659                    /usr/lib/libstdc++.so.6.0.32
7f4f10aa3000-7f4f10bfc000 r-xp 000a3000 fe:02 6338659                    /usr/lib/libstdc++.so.6.0.32
7f4f10bfc000-7f4f10ce4000 r--p 001fc000 fe:02 6338659                    /usr/lib/libstdc++.so.6.0.32
7f4f10ce4000-7f4f10cf2000 r--p 002e3000 fe:02 6338659                    /usr/lib/libstdc++.so.6.0.32
7f4f10cf2000-7f4f10cf7000 rw-p 002f1000 fe:02 6338659                    /usr/lib/libstdc++.so.6.0.32
7f4f10cf7000-7f4f10cfb000 rw-p 00000000 00:00 0 
7f4f10e00000-7f4f116f5000 r-xp 00000000 fe:02 9893862                    /home/rabeal/Studium/cpachecker/lib/java/runtime/libmathsat5j.so
7f4f116f5000-7f4f118f5000 ---p 008f5000 fe:02 9893862                    /home/rabeal/Studium/cpachecker/lib/java/runtime/libmathsat5j.so
7f4f118f5000-7f4f11910000 r--p 008f5000 fe:02 9893862                    /home/rabeal/Studium/cpachecker/lib/java/runtime/libmathsat5j.so
7f4f11910000-7f4f11924000 rw-p 00910000 fe:02 9893862                    /home/rabeal/Studium/cpachecker/lib/java/runtime/libmathsat5j.so
7f4f11924000-7f4f11927000 rw-p 00000000 00:00 0 
7f4f11a9e000-7f4f11abc000 r--p 00000000 fe:02 9893877                    /home/rabeal/Studium/cpachecker/lib/java/runtime/libz3java.so
7f4f11abc000-7f4f11acd000 r-xp 0001e000 fe:02 9893877                    /home/rabeal/Studium/cpachecker/lib/java/runtime/libz3java.so
7f4f11acd000-7f4f11ad5000 r--p 0002f000 fe:02 9893877                    /home/rabeal/Studium/cpachecker/lib/java/runtime/libz3java.so
7f4f11ad5000-7f4f11ad6000 r--p 00036000 fe:02 9893877                    /home/rabeal/Studium/cpachecker/lib/java/runtime/libz3java.so
7f4f11ad6000-7f4f11ad8000 rw-p 00037000 fe:02 9893877                    /home/rabeal/Studium/cpachecker/lib/java/runtime/libz3java.so
7f4f11ad8000-7f4f11adb000 r--p 00000000 fe:02 774651                     /usr/lib/libgcc_s.so.1
7f4f11adb000-7f4f11af6000 r-xp 00003000 fe:02 774651                     /usr/lib/libgcc_s.so.1
7f4f11af6000-7f4f11afa000 r--p 0001e000 fe:02 774651                     /usr/lib/libgcc_s.so.1
7f4f11afa000-7f4f11afb000 r--p 00021000 fe:02 774651                     /usr/lib/libgcc_s.so.1
7f4f11afb000-7f4f11afc000 rw-p 00022000 fe:02 774651                     /usr/lib/libgcc_s.so.1
7f4f11afc000-7f4f11afd000 ---p 00000000 00:00 0 
7f4f11afd000-7f4f11bfd000 rw-p 00000000 00:00 0 
7f4f11bfd000-7f4f11bfe000 ---p 00000000 00:00 0 
7f4f11bfe000-7f4f11cfe000 rw-p 00000000 00:00 0 
7f4f11cfe000-7f4f11cff000 ---p 00000000 00:00 0 
7f4f11cff000-7f4f11dff000 rw-p 00000000 00:00 0 
7f4f11dff000-7f4f11e03000 ---p 00000000 00:00 0 
7f4f11e03000-7f4f11eff000 rw-p 00000000 00:00 0 
7f4f11eff000-7f4f11f00000 ---p 00000000 00:00 0 
7f4f11f00000-7f4f14021000 rw-p 00000000 00:00 0 
7f4f14021000-7f4f18000000 ---p 00000000 00:00 0 
7f4f18000000-7f4f18021000 rw-p 00000000 00:00 0 
7f4f18021000-7f4f1c000000 ---p 00000000 00:00 0 
7f4f1c000000-7f4f1c021000 rw-p 00000000 00:00 0 
7f4f1c021000-7f4f20000000 ---p 00000000 00:00 0 
7f4f20000000-7f4f20004000 ---p 00000000 00:00 0 
7f4f20004000-7f4f20100000 rw-p 00000000 00:00 0 
7f4f20100000-7f4f20104000 ---p 00000000 00:00 0 
7f4f20104000-7f4f20200000 rw-p 00000000 00:00 0 
7f4f20200000-7f4f20204000 ---p 00000000 00:00 0 
7f4f20204000-7f4f20300000 rw-p 00000000 00:00 0 
7f4f20300000-7f4f20304000 ---p 00000000 00:00 0 
7f4f20304000-7f4f20400000 rw-p 00000000 00:00 0 
7f4f20400000-7f4f20404000 ---p 00000000 00:00 0 
7f4f20404000-7f4f20500000 rw-p 00000000 00:00 0 
7f4f20500000-7f4f20504000 ---p 00000000 00:00 0 
7f4f20504000-7f4f20600000 rw-p 00000000 00:00 0 
7f4f20600000-7f4f20604000 ---p 00000000 00:00 0 
7f4f20604000-7f4f20700000 rw-p 00000000 00:00 0 
7f4f20700000-7f4f20704000 ---p 00000000 00:00 0 
7f4f20704000-7f4f20800000 rw-p 00000000 00:00 0 
7f4f20800000-7f4f20b44000 r--p 00000000 fe:02 834811852                  /usr/lib/locale/locale-archive
7f4f20b69000-7f4f20b6d000 ---p 00000000 00:00 0 
7f4f20b6d000-7f4f20c69000 rw-p 00000000 00:00 0 
7f4f20c69000-7f4f20c6d000 ---p 00000000 00:00 0 
7f4f20c6d000-7f4f20d69000 rw-p 00000000 00:00 0 
7f4f20d69000-7f4f20d6a000 ---p 00000000 00:00 0 
7f4f20d6a000-7f4f20e6a000 rw-p 00000000 00:00 0 
7f4f20e6a000-7f4f20e6f000 r--p 00000000 fe:02 853292303                  /usr/lib/jvm/openjdk17/lib/libjsvml.so
7f4f20e6f000-7f4f20eb0000 r-xp 00005000 fe:02 853292303                  /usr/lib/jvm/openjdk17/lib/libjsvml.so
7f4f20eb0000-7f4f20f39000 r--p 00046000 fe:02 853292303                  /usr/lib/jvm/openjdk17/lib/libjsvml.so
7f4f20f39000-7f4f20f3a000 r--p 000ce000 fe:02 853292303                  /usr/lib/jvm/openjdk17/lib/libjsvml.so
7f4f20f3a000-7f4f20f3b000 rw-p 000cf000 fe:02 853292303                  /usr/lib/jvm/openjdk17/lib/libjsvml.so
7f4f20f3b000-7f4f20fbc000 rw-p 00000000 00:00 0 
7f4f20fbc000-7f4f20fbd000 ---p 00000000 00:00 0 
7f4f20fbd000-7f4f210bd000 rw-p 00000000 00:00 0 
7f4f210bd000-7f4f210be000 ---p 00000000 00:00 0 
7f4f210be000-7f4f217a8000 rw-p 00000000 00:00 0 
7f4f217a8000-7f4f251d0000 ---p 00000000 00:00 0 
7f4f251d0000-7f4f255c8000 rw-p 00000000 00:00 0 
7f4f255c8000-7f4f28ff0000 ---p 00000000 00:00 0 
7f4f28ff0000-7f4f29000000 rw-p 00000000 00:00 0 
7f4f29000000-7f4f29270000 rwxp 00000000 00:00 0 
7f4f29270000-7f4f30537000 ---p 00000000 00:00 0 
7f4f30537000-7f4f307a7000 rwxp 00000000 00:00 0 
7f4f307a7000-7f4f30ac8000 ---p 00000000 00:00 0 
7f4f30ac8000-7f4f30d38000 rwxp 00000000 00:00 0 
7f4f30d38000-7f4f38000000 ---p 00000000 00:00 0 
7f4f38000000-7f4f3ff2d000 r--s 00000000 fe:02 853127044                  /usr/lib/jvm/openjdk17/lib/modules
7f4f3ff33000-7f4f40ab8000 rw-p 00000000 00:00 0 
7f4f40ab8000-7f4f44000000 ---p 00000000 00:00 0 
7f4f44005000-7f4f44006000 r--p 00000000 fe:02 1201459                    /usr/lib/libpthread.so.0
7f4f44006000-7f4f44007000 r-xp 00001000 fe:02 1201459                    /usr/lib/libpthread.so.0
7f4f44007000-7f4f44008000 r--p 00002000 fe:02 1201459                    /usr/lib/libpthread.so.0
7f4f44008000-7f4f44009000 r--p 00002000 fe:02 1201459                    /usr/lib/libpthread.so.0
7f4f44009000-7f4f4400a000 rw-p 00003000 fe:02 1201459                    /usr/lib/libpthread.so.0
7f4f4400a000-7f4f4400e000 r--p 00000000 fe:02 866979248                  /usr/lib/jvm/openjdk17/lib/libverify.so
7f4f4400e000-7f4f44015000 r-xp 00004000 fe:02 866979248                  /usr/lib/jvm/openjdk17/lib/libverify.so
7f4f44015000-7f4f44017000 r--p 0000b000 fe:02 866979248                  /usr/lib/jvm/openjdk17/lib/libverify.so
7f4f44017000-7f4f44019000 r--p 0000c000 fe:02 866979248                  /usr/lib/jvm/openjdk17/lib/libverify.so
7f4f44019000-7f4f4401a000 rw-p 0000e000 fe:02 866979248                  /usr/lib/jvm/openjdk17/lib/libverify.so
7f4f4401a000-7f4f4401e000 r--p 00000000 fe:02 867402324                  /usr/lib/jvm/openjdk17/lib/libnet.so
7f4f4401e000-7f4f4402c000 r-xp 00004000 fe:02 867402324                  /usr/lib/jvm/openjdk17/lib/libnet.so
7f4f4402c000-7f4f44030000 r--p 00012000 fe:02 867402324                  /usr/lib/jvm/openjdk17/lib/libnet.so
7f4f44030000-7f4f44031000 r--p 00015000 fe:02 867402324                  /usr/lib/jvm/openjdk17/lib/libnet.so
7f4f44031000-7f4f44032000 rw-p 00016000 fe:02 867402324                  /usr/lib/jvm/openjdk17/lib/libnet.so
7f4f44032000-7f4f44039000 r--p 00000000 fe:02 867402323                  /usr/lib/jvm/openjdk17/lib/libnio.so
7f4f44039000-7f4f44042000 r-xp 00007000 fe:02 867402323                  /usr/lib/jvm/openjdk17/lib/libnio.so
7f4f44042000-7f4f44046000 r--p 00010000 fe:02 867402323                  /usr/lib/jvm/openjdk17/lib/libnio.so
7f4f44046000-7f4f44047000 r--p 00014000 fe:02 867402323                  /usr/lib/jvm/openjdk17/lib/libnio.so
7f4f44047000-7f4f44048000 rw-p 00015000 fe:02 867402323                  /usr/lib/jvm/openjdk17/lib/libnio.so
7f4f44048000-7f4f4424a000 rw-p 00000000 00:00 0 
7f4f4424a000-7f4f4424b000 ---p 00000000 00:00 0 
7f4f4424b000-7f4f4434b000 rw-p 00000000 00:00 0 
7f4f4434b000-7f4f4434c000 ---p 00000000 00:00 0 
7f4f4434c000-7f4f4444c000 rw-p 00000000 00:00 0 
7f4f4444c000-7f4f4444d000 ---p 00000000 00:00 0 
7f4f4444d000-7f4f4460d000 rw-p 00000000 00:00 0 
7f4f4460d000-7f4f44d52000 ---p 00000000 00:00 0 
7f4f44d52000-7f4f44dd1000 rw-p 00000000 00:00 0 
7f4f44dd1000-7f4f45516000 ---p 00000000 00:00 0 
7f4f45516000-7f4f45595000 rw-p 00000000 00:00 0 
7f4f45595000-7f4f45cda000 ---p 00000000 00:00 0 
7f4f45cda000-7f4f460e5000 rw-p 00000000 00:00 0 
7f4f460e5000-7f4f461cb000 ---p 00000000 00:00 0 
7f4f461cb000-7f4f461d0000 rw-p 00000000 00:00 0 
7f4f461d0000-7f4f462b6000 ---p 00000000 00:00 0 
7f4f462b6000-7f4f462c2000 r--p 00000000 fe:02 853127045                  /usr/lib/jvm/openjdk17/lib/libjava.so
7f4f462c2000-7f4f462d4000 r-xp 0000c000 fe:02 853127045                  /usr/lib/jvm/openjdk17/lib/libjava.so
7f4f462d4000-7f4f462da000 r--p 0001e000 fe:02 853127045                  /usr/lib/jvm/openjdk17/lib/libjava.so
7f4f462da000-7f4f462db000 r--p 00023000 fe:02 853127045                  /usr/lib/jvm/openjdk17/lib/libjava.so
7f4f462db000-7f4f462dc000 rw-p 00024000 fe:02 853127045                  /usr/lib/jvm/openjdk17/lib/libjava.so
7f4f462dc000-7f4f462dd000 rw-p 00000000 00:00 0 
7f4f462dd000-7f4f462e1000 r--p 00000000 fe:02 853123435                  /usr/lib/jvm/openjdk17/lib/libjimage.so
7f4f462e1000-7f4f462f7000 r-xp 00004000 fe:02 853123435                  /usr/lib/jvm/openjdk17/lib/libjimage.so
7f4f462f7000-7f4f462fd000 r--p 0001a000 fe:02 853123435                  /usr/lib/jvm/openjdk17/lib/libjimage.so
7f4f462fd000-7f4f462ff000 r--p 0001f000 fe:02 853123435                  /usr/lib/jvm/openjdk17/lib/libjimage.so
7f4f462ff000-7f4f46300000 rw-p 00021000 fe:02 853123435                  /usr/lib/jvm/openjdk17/lib/libjimage.so
7f4f46300000-7f4f46304000 ---p 00000000 00:00 0 
7f4f46304000-7f4f46400000 rw-p 00000000 00:00 0 
7f4f46400000-7f4f46653000 r--p 00000000 fe:02 4106732                    /usr/lib/jvm/openjdk17/lib/server/libjvm.so
7f4f46653000-7f4f47393000 r-xp 00253000 fe:02 4106732                    /usr/lib/jvm/openjdk17/lib/server/libjvm.so
7f4f47393000-7f4f47619000 r--p 00f93000 fe:02 4106732                    /usr/lib/jvm/openjdk17/lib/server/libjvm.so
7f4f47619000-7f4f476d2000 r--p 01219000 fe:02 4106732                    /usr/lib/jvm/openjdk17/lib/server/libjvm.so
7f4f476d2000-7f4f47707000 rw-p 012d2000 fe:02 4106732                    /usr/lib/jvm/openjdk17/lib/server/libjvm.so
7f4f47707000-7f4f47762000 rw-p 00000000 00:00 0 
7f4f47765000-7f4f47775000 r--p 00000000 fe:02 3663                       /usr/lib/libm.so.6
7f4f47775000-7f4f477eb000 r-xp 00010000 fe:02 3663                       /usr/lib/libm.so.6
7f4f477eb000-7f4f47845000 r--p 00086000 fe:02 3663                       /usr/lib/libm.so.6
7f4f47845000-7f4f47846000 r--p 000df000 fe:02 3663                       /usr/lib/libm.so.6
7f4f47846000-7f4f47847000 rw-p 000e0000 fe:02 3663                       /usr/lib/libm.so.6
7f4f47847000-7f4f4784a000 rw-p 00000000 00:00 0 
7f4f4784a000-7f4f4784d000 r--p 00000000 fe:02 5423                       /usr/lib/libz.so.1.3.1
7f4f4784d000-7f4f4785b000 r-xp 00003000 fe:02 5423                       /usr/lib/libz.so.1.3.1
7f4f4785b000-7f4f47862000 r--p 00011000 fe:02 5423                       /usr/lib/libz.so.1.3.1
7f4f47862000-7f4f47863000 r--p 00017000 fe:02 5423                       /usr/lib/libz.so.1.3.1
7f4f47863000-7f4f47864000 rw-p 00018000 fe:02 5423                       /usr/lib/libz.so.1.3.1
7f4f47864000-7f4f4788c000 r--p 00000000 fe:02 1551939                    /usr/lib/libc.so.6
7f4f4788c000-7f4f479e5000 r-xp 00028000 fe:02 1551939                    /usr/lib/libc.so.6
7f4f479e5000-7f4f47a3b000 r--p 00181000 fe:02 1551939                    /usr/lib/libc.so.6
7f4f47a3b000-7f4f47a3f000 r--p 001d6000 fe:02 1551939                    /usr/lib/libc.so.6
7f4f47a3f000-7f4f47a41000 rw-p 001da000 fe:02 1551939                    /usr/lib/libc.so.6
7f4f47a41000-7f4f47a4e000 rw-p 00000000 00:00 0 
7f4f47a4f000-7f4f47a51000 r--p 00000000 fe:02 853292302                  /usr/lib/jvm/openjdk17/lib/libzip.so
7f4f47a51000-7f4f47a55000 r-xp 00002000 fe:02 853292302                  /usr/lib/jvm/openjdk17/lib/libzip.so
7f4f47a55000-7f4f47a57000 r--p 00006000 fe:02 853292302                  /usr/lib/jvm/openjdk17/lib/libzip.so
7f4f47a57000-7f4f47a58000 r--p 00007000 fe:02 853292302                  /usr/lib/jvm/openjdk17/lib/libzip.so
7f4f47a58000-7f4f47a59000 rw-p 00008000 fe:02 853292302                  /usr/lib/jvm/openjdk17/lib/libzip.so
7f4f47a59000-7f4f47a5e000 rw-p 00000000 00:00 0 
7f4f47a5e000-7f4f47a65000 ---p 00000000 00:00 0 
7f4f47a65000-7f4f47a6d000 rw-s 00000000 00:2c 1533                       /tmp/hsperfdata_rabeal/6133
7f4f47a6d000-7f4f47a6e000 ---p 00000000 00:00 0 
7f4f47a6e000-7f4f47a6f000 r--p 00000000 00:00 0 
7f4f47a6f000-7f4f47a70000 ---p 00000000 00:00 0 
7f4f47a70000-7f4f47a72000 r--p 00000000 fe:02 853127052                  /usr/lib/jvm/openjdk17/lib/libjli.so
7f4f47a72000-7f4f47a7c000 r-xp 00002000 fe:02 853127052                  /usr/lib/jvm/openjdk17/lib/libjli.so
7f4f47a7c000-7f4f47a7f000 r--p 0000c000 fe:02 853127052                  /usr/lib/jvm/openjdk17/lib/libjli.so
7f4f47a7f000-7f4f47a80000 r--p 0000f000 fe:02 853127052                  /usr/lib/jvm/openjdk17/lib/libjli.so
7f4f47a80000-7f4f47a81000 rw-p 00010000 fe:02 853127052                  /usr/lib/jvm/openjdk17/lib/libjli.so
7f4f47a81000-7f4f47a83000 rw-p 00000000 00:00 0 
7f4f47a83000-7f4f47a84000 r--p 00000000 fe:02 3683                       /usr/lib/ld-linux-x86-64.so.2
7f4f47a84000-7f4f47aaa000 r-xp 00001000 fe:02 3683                       /usr/lib/ld-linux-x86-64.so.2
7f4f47aaa000-7f4f47ab5000 r--p 00027000 fe:02 3683                       /usr/lib/ld-linux-x86-64.so.2
7f4f47ab5000-7f4f47ab7000 r--p 00031000 fe:02 3683                       /usr/lib/ld-linux-x86-64.so.2
7f4f47ab7000-7f4f47ab9000 rw-p 00033000 fe:02 3683                       /usr/lib/ld-linux-x86-64.so.2
7ffe243e6000-7ffe24409000 rw-p 00000000 00:00 0                          [stack]
7ffe24410000-7ffe24414000 r--p 00000000 00:00 0                          [vvar]
7ffe24414000-7ffe24416000 r-xp 00000000 00:00 0                          [vdso]


VM Arguments:
jvm_args: -Djava.awt.headless=true -ea 
java_command: org.apache.tools.ant.taskdefs.optional.junit.JUnitTestRunner org.sosy_lab.cpachecker.util.predicates.pseudoQE.PseudoExistQeManagerTest skipNonTests=false filtertrace=true haltOnError=false haltOnFailure=false formatter=org.apache.tools.ant.taskdefs.optional.junit.SummaryJUnitResultFormatter showoutput=false outputtoformatters=true logfailedtests=true threadid=0 logtestlistenerevents=false formatter=org.apache.tools.ant.taskdefs.optional.junit.XMLJUnitResultFormatter,/home/rabeal/Studium/cpachecker/output/junit/TEST-org.sosy_lab.cpachecker.util.predicates.pseudoQE.PseudoExistQeManagerTest.xml crashfile=/home/rabeal/Studium/cpachecker/junitvmwatcher17819251227598210877.properties propsfile=/home/rabeal/Studium/cpachecker/junit11155685563678018132.properties
java_class_path (initial): /home/rabeal/Studium/cpachecker/classes:/home/rabeal/Studium/cpachecker/lib/apron.jar:/home/rabeal/Studium/cpachecker/lib/gmp.jar:/home/rabeal/Studium/cpachecker/lib/jsylvan.jar:/home/rabeal/Studium/cpachecker/lib/java/runtime/CVC4.jar:/home/rabeal/Studium/cpachecker/lib/java/runtime/animal-sniffer-annotations.jar:/home/rabeal/Studium/cpachecker/lib/java/runtime/antlr4-runtime.jar:/home/rabeal/Studium/cpachecker/lib/java/runtime/batik-awt-util.jar:/home/rabeal/Studium/cpachecker/lib/java/runtime/batik-constants.jar:/home/rabeal/Studium/cpachecker/lib/java/runtime/batik-dom.jar:/home/rabeal/Studium/cpachecker/lib/java/runtime/batik-ext.jar:/home/rabeal/Studium/cpachecker/lib/java/runtime/batik-i18n.jar:/home/rabeal/Studium/cpachecker/lib/java/runtime/batik-svggen.jar:/home/rabeal/Studium/cpachecker/lib/java/runtime/batik-util.jar:/home/rabeal/Studium/cpachecker/lib/java/runtime/batik-xml.jar:/home/rabeal/Studium/cpachecker/lib/java/runtime/bitwuzla.jar:/home/rabeal/Studium/cpachecker/lib/java/runtime/checker-qual.jar:/home/rabeal/Studium/cpachecker/lib/java/runtime/com.microsoft.z3.jar:/home/rabeal/Studium/cpachecker/lib/java/runtime/common.jar:/home/rabeal/Studium/cpachecker/lib/java/runtime/commons-io.jar:/home/rabeal/Studium/cpachecker/lib/java/runtime/cvc5.jar:/home/rabeal/Studium/cpachecker/lib/java/runtime/error_prone_annotations.jar:/home/rabeal/Studium/cpachecker/lib/java/runtime/failureaccess.jar:/home/rabeal/Studium/cpachecker/lib/java/runtime/guava.jar:/home/rabeal/Studium/cpachecker/lib/java/runtime/icu4j.jar:/home/rabeal/Studium/cpachecker/lib/java/runtime/j2objc-annotations.jar:/home/rabeal/Studium/cpachecker/lib/java/runtime/jackson-annotations.jar:/home/rabeal/Studium/cpachecker/lib/java/runtime/jackson-core.jar:/home/rabeal/Studium/cpachecker/lib/java/runtime/jackson-databind.jar:/home/rabeal/Studium/cpachecker/lib/java/runtime/jackson-dataformat-yaml.jar:/home/rabeal/Studium/cpachecker/lib/java/runtime/java-cup-runtime.j
Launcher Type: SUN_STANDARD

[Global flags]
     intx CICompilerCount                          = 3                                         {product} {ergonomic}
     uint ConcGCThreads                            = 1                                         {product} {ergonomic}
     uint G1ConcRefinementThreads                  = 4                                         {product} {ergonomic}
   size_t G1HeapRegionSize                         = 2097152                                   {product} {ergonomic}
    uintx GCDrainStackTargetSize                   = 64                                        {product} {ergonomic}
   size_t InitialHeapSize                          = 262144000                                 {product} {ergonomic}
   size_t MarkStackSize                            = 4194304                                   {product} {ergonomic}
   size_t MaxHeapSize                              = 4169138176                                {product} {ergonomic}
   size_t MaxNewSize                               = 2499805184                                {product} {ergonomic}
   size_t MinHeapDeltaBytes                        = 2097152                                   {product} {ergonomic}
   size_t MinHeapSize                              = 8388608                                   {product} {ergonomic}
    uintx NonNMethodCodeHeapSize                   = 5832780                                {pd product} {ergonomic}
    uintx NonProfiledCodeHeapSize                  = 122912730                              {pd product} {ergonomic}
    uintx ProfiledCodeHeapSize                     = 122912730                              {pd product} {ergonomic}
    uintx ReservedCodeCacheSize                    = 251658240                              {pd product} {ergonomic}
     bool SegmentedCodeCache                       = true                                      {product} {ergonomic}
   size_t SoftMaxHeapSize                          = 4169138176                             {manageable} {ergonomic}
     bool UseCompressedClassPointers               = true                           {product lp64_product} {ergonomic}
     bool UseCompressedOops                        = true                           {product lp64_product} {ergonomic}
     bool UseG1GC                                  = true                                      {product} {ergonomic}

Logging:
Log output configuration:
 #0: stdout all=warning uptime,level,tags
 #1: stderr all=off uptime,level,tags

Environment Variables:
JAVA_HOME=/usr/lib/jvm/default-jdk
PATH=/home/rabeal/.opam/4.14.1/bin:/home/rabeal/.cargo/bin:/home/rabeal/.cargo/bin:/home/rabeal/.nix-profile/bin:/nix/var/nix/profiles/default/bin:/usr/local/sbin:/usr/local/bin:/usr/bin:/usr/sbin:/sbin:/bin:/usr/share/apache-ant/bin:/usr/lib/jvm/default-jdk/bin:/usr/lib/jvm/default-jre/bin:/opt/texlive/2024/bin/x86_64-linux:/home/rabeal/.local/bin
SHELL=/usr/bin/bash
DISPLAY=:0
LANG=en_US.UTF-8
TERM=xterm-kitty

Active Locale:
LC_ALL=en_US.UTF-8
LC_COLLATE=en_US.UTF-8
LC_CTYPE=en_US.UTF-8
LC_MESSAGES=en_US.UTF-8
LC_MONETARY=en_US.UTF-8
LC_NUMERIC=en_US.UTF-8
LC_TIME=en_US.UTF-8

Signal Handlers:
   SIGSEGV: 0x00007f4f472fed60 in libjvm.so+15723872, mask=11100100010111111101111111111110, flags=SA_RESTART|SA_SIGINFO, unblocked
    SIGBUS: 0x00007f4f472fed60 in libjvm.so+15723872, mask=11100100010111111101111111111110, flags=SA_RESTART|SA_SIGINFO, unblocked
    SIGFPE: 0x00007f4f472fed60 in libjvm.so+15723872, mask=11100100010111111101111111111110, flags=SA_RESTART|SA_SIGINFO, unblocked
   SIGPIPE: 0x00007f4f4719cb00 in libjvm.so+14273280, mask=11100100010111111101111111111110, flags=SA_RESTART|SA_SIGINFO, blocked
   SIGXFSZ: 0x00007f4f4719cb00 in libjvm.so+14273280, mask=11100100010111111101111111111110, flags=SA_RESTART|SA_SIGINFO, blocked
    SIGILL: 0x00007f4f472fed60 in libjvm.so+15723872, mask=11100100010111111101111111111110, flags=SA_RESTART|SA_SIGINFO, unblocked
   SIGUSR2: 0x00007f4f4719c200 in libjvm.so+14270976, mask=00100000000000000000000000000000, flags=SA_RESTART|SA_SIGINFO, blocked
    SIGHUP: 0x00007f4f4719c130 in libjvm.so+14270768, mask=11100100010111111101111111111110, flags=SA_RESTART|SA_SIGINFO, blocked
    SIGINT: 0x00007f4f4719c130 in libjvm.so+14270768, mask=11100100010111111101111111111110, flags=SA_RESTART|SA_SIGINFO, blocked
   SIGTERM: 0x00007f4f4719c130 in libjvm.so+14270768, mask=11100100010111111101111111111110, flags=SA_RESTART|SA_SIGINFO, blocked
   SIGQUIT: 0x00007f4f4719c130 in libjvm.so+14270768, mask=11100100010111111101111111111110, flags=SA_RESTART|SA_SIGINFO, blocked
   SIGTRAP: 0x00007f4f472fed60 in libjvm.so+15723872, mask=11100100010111111101111111111110, flags=SA_RESTART|SA_SIGINFO, unblocked


Periodic native trim disabled


---------------  S Y S T E M  ---------------

OS:
NAME="Void"
ID="void"
PRETTY_NAME="Void Linux"
HOME_URL="https://voidlinux.org/"
DOCUMENTATION_URL="https://docs.voidlinux.org/"
LOGO="void-logo"
ANSI_COLOR="0;38;2;71;128;97"

DISTRIB_ID="void"
uname: Linux 6.6.56_2 #1 SMP PREEMPT_DYNAMIC Tue Oct 15 02:54:10 UTC 2024 x86_64
OS uptime: 10 days 2:00 hours
libc: glibc 2.39 NPTL 2.39 
rlimit (soft/hard): STACK 8192k/infinity , CORE 0k/infinity , NPROC 63243/63243 , NOFILE 4096/4096 , AS infinity/infinity , CPU infinity/infinity , DATA infinity/infinity , FSIZE infinity/infinity , MEMLOCK 1024k/1024k
load average: 5.07 4.53 3.31

/proc/meminfo:
MemTotal:       16280992 kB
MemFree:         6948308 kB
MemAvailable:    8255180 kB
Buffers:               0 kB
Cached:          2057812 kB
SwapCached:      1451496 kB
Active:          6623916 kB
Inactive:        1886620 kB
Active(anon):    5853580 kB
Inactive(anon):  1172720 kB
Active(file):     770336 kB
Inactive(file):   713900 kB
Unevictable:      276424 kB
Mlocked:             648 kB
SwapTotal:      18874364 kB
SwapFree:       16087012 kB
Zswap:                 0 kB
Zswapped:              0 kB
Dirty:              3604 kB
Writeback:             0 kB
AnonPages:       6694568 kB
Mapped:           524800 kB
Shmem:            573576 kB
KReclaimable:     157620 kB
Slab:             298016 kB
SReclaimable:     157620 kB
SUnreclaim:       140396 kB
KernelStack:       19808 kB
PageTables:        61792 kB
SecPageTables:         0 kB
NFS_Unstable:          0 kB
Bounce:                0 kB
WritebackTmp:          0 kB
CommitLimit:    27014860 kB
Committed_AS:   14794784 kB
VmallocTotal:   34359738367 kB
VmallocUsed:       62460 kB
VmallocChunk:          0 kB
Percpu:             2256 kB
HardwareCorrupted:     0 kB
AnonHugePages:         0 kB
ShmemHugePages:   167936 kB
ShmemPmdMapped:        0 kB
FileHugePages:      2048 kB
FilePmdMapped:         0 kB
CmaTotal:              0 kB
CmaFree:               0 kB
Unaccepted:            0 kB
HugePages_Total:       0
HugePages_Free:        0
HugePages_Rsvd:        0
HugePages_Surp:        0
Hugepagesize:       2048 kB
Hugetlb:               0 kB
DirectMap4k:      217716 kB
DirectMap2M:     9117696 kB
DirectMap1G:     7340032 kB

/sys/kernel/mm/transparent_hugepage/enabled: always [madvise] never
/sys/kernel/mm/transparent_hugepage/hpage_pmd_size: 2097152
/sys/kernel/mm/transparent_hugepage/defrag (defrag/compaction efforts parameter): always defer defer+madvise [madvise] never

Process Memory:
Virtual Size: 7325268K (peak: 7331824K)
Resident Set Size: 115676K (peak: 115676K) (anon: 82280K, file: 33396K, shmem: 0K)
Swapped out: 0K
C-Heap outstanding allocations: 43420K, retained: 7087K
glibc malloc tunables: (default)

/proc/sys/kernel/threads-max (system-wide limit on the number of threads): 126487
/proc/sys/vm/max_map_count (maximum number of memory map areas a process may have): 65530
/proc/sys/vm/swappiness (control to define how aggressively the kernel swaps out anonymous memory): 60
/proc/sys/kernel/pid_max (system-wide limit on number of process identifiers): 32768

container (cgroup) information:
container_type: cgroupv1
cpu_cpuset_cpus: 0-3
cpu_memory_nodes: 0
active_processor_count: 4
cpu_quota: no quota
cpu_period: 100000
cpu_shares: no shares
memory_limit_in_bytes: unlimited
memory_and_swap_limit_in_bytes: unlimited
memory_soft_limit_in_bytes: unlimited
memory_usage_in_bytes: 10203876 k
memory_max_usage_in_bytes: 1346524 k
kernel_memory_usage_in_bytes: 8 k
kernel_memory_max_usage_in_bytes: unlimited
kernel_memory_limit_in_bytes: 12780 k
maximum number of tasks: not supported
current number of tasks: not supported

Steal ticks since vm start: 0
Steal ticks percentage since vm start:  0.000

CPU: total 4 (initial active 4) (2 cores per cpu, 2 threads per core) family 6 model 142 stepping 9 microcode 0x84, cx8, cmov, fxsr, ht, mmx, 3dnowpref, sse, sse2, sse3, ssse3, sse4.1, sse4.2, popcnt, lzcnt, tsc, tscinvbit, avx, avx2, aes, erms, clmul, bmi1, bmi2, adx, fma, vzeroupper, clflush, clflushopt
CPU Model and flags from /proc/cpuinfo:
model name	: Intel(R) Core(TM) i5-7Y54 CPU @ 1.20GHz
flags		: fpu vme de pse tsc msr pae mce cx8 apic sep mtrr pge mca cmov pat pse36 clflush dts acpi mmx fxsr sse sse2 ss ht tm pbe syscall nx pdpe1gb rdtscp lm constant_tsc art arch_perfmon pebs bts rep_good nopl xtopology nonstop_tsc cpuid aperfmperf pni pclmulqdq dtes64 monitor ds_cpl vmx est tm2 ssse3 sdbg fma cx16 xtpr pdcm pcid sse4_1 sse4_2 x2apic movbe popcnt tsc_deadline_timer aes xsave avx f16c rdrand lahf_lm abm 3dnowprefetch cpuid_fault epb pti ibrs ibpb stibp tpr_shadow flexpriority ept vpid ept_ad fsgsbase tsc_adjust bmi1 avx2 smep bmi2 erms invpcid mpx rdseed adx smap clflushopt intel_pt xsaveopt xsavec xgetbv1 xsaves dtherm ida arat pln pts hwp hwp_notify hwp_act_window hwp_epp vnmi

Online cpus: 0-3
Offline cpus: 
BIOS frequency limitation: <Not Available>
Frequency switch latency (ns): 0
Available cpu frequencies: <Not Available>
Current governor: powersave
Core performance/turbo boost: <Not Available>

Memory: 4k page, physical 16280992k(6948308k free), swap 18874364k(16087012k free)
Page Sizes: 4k

vm_info: OpenJDK 64-Bit Server VM (17.0.13+5-void-r1) for linux-amd64 JRE (17.0.13+5-void-r1), built on Sep  9 2024 16:18:37 by "" with gcc 13.2.0

END.
