IntBool

[]

IntEq

[calculate_outputm69::input, a1554992028, a1933271548, calculate_outputm81::input, calculate_outputm85::input, a1944816302, calculate_outputm29::input, calculate_outputm119::input, main::input, calculate_outputm137::input, calculate_outputm65::input, a1294378386, calculate_outputm131::input, calculate_outputm113::input, calculate_outputm41::input, calculate_outputm13::input, calculate_outputm11::input, a843079661, a1450658394, calculate_outputm139::input, a1796618233, calculate_outputm17::input, a938827910, a1591641889, a927814483, a1868984816, calculate_outputm28::input, a231305105, a1491567675, calculate_outputm22::input, a1551570219, calculate_output::input, calculate_outputm95::input, a1583922005, calculate_outputm5::input, calculate_outputm79::input, calculate_outputm77::input, calculate_outputm97::input, a181636438, a469914660, calculate_outputm96::input, a2108703896, a1580663338, calculate_outputm1::input, calculate_outputm7::input, calculate_outputm8::input, calculate_outputm2::input, calculate_outputm37::input, a2077863541, calculate_outputm71::input, a510889416, a1136264456, calculate_outputm129::input, calculate_outputm58::input, calculate_outputm59::input, calculate_outputm120::input, calculate_outputm30::input, a1384943560, calculate_outputm12::input, a1431178715, cf, calculate_outputm32::input, a1379546326, a1649592707, main::__retval__, calculate_outputm16::input, calculate_outputm145::input, a1041640432, calculate_outputm23::input, calculate_outputm27::input, calculate_outputm152::input, a1669722568, a43901077]

IntAdd

[]

IntOverflow

[]

ALL

[calculate_outputm69::input, inputs, a1554992028, a1933271548, calculate_outputm81::input, calculate_outputm85::input, a1944816302, calculate_outputm29::input, calculate_outputm119::input, main::input, calculate_outputm137::input, calculate_outputm65::input, a1294378386, calculate_outputm131::input, calculate_outputm113::input, calculate_outputm41::input, calculate_outputm13::input, calculate_outputm11::input, a843079661, a1450658394, calculate_outputm139::input, a1796618233, calculate_outputm17::input, a938827910, a1591641889, a927814483, a1868984816, calculate_outputm28::input, a231305105, a1491567675, calculate_outputm22::input, a1551570219, calculate_output::input, calculate_outputm95::input, a1583922005, calculate_outputm5::input, calculate_outputm79::input, calculate_outputm77::input, calculate_outputm97::input, a181636438, a469914660, calculate_outputm96::input, a2108703896, a1580663338, calculate_outputm1::input, calculate_outputm7::input, calculate_outputm8::input, calculate_outputm2::input, calculate_outputm37::input, a2077863541, calculate_outputm71::input, a510889416, a1136264456, calculate_outputm129::input, calculate_outputm58::input, calculate_outputm59::input, calculate_outputm120::input, calculate_outputm30::input, a1384943560, calculate_outputm12::input, a1431178715, cf, calculate_outputm32::input, a1379546326, a1649592707, main::__retval__, calculate_outputm16::input, calculate_outputm145::input, a1041640432, calculate_outputm23::input, calculate_outputm27::input, calculate_outputm152::input, a1669722568, a43901077]

DEPENDENCIES

[[cf] --> [0, 1],
[a1669722568] --> [32, 33, 34, 35, 36],
[a1551570219] --> [32, 33, 34, 35, 36],
[calculate_output::input, calculate_outputm113::input, calculate_outputm119::input, calculate_outputm11::input, calculate_outputm120::input, calculate_outputm129::input, calculate_outputm12::input, calculate_outputm131::input, calculate_outputm137::input, calculate_outputm139::input, calculate_outputm13::input, calculate_outputm145::input, calculate_outputm152::input, calculate_outputm16::input, calculate_outputm17::input, calculate_outputm1::input, calculate_outputm22::input, calculate_outputm23::input, calculate_outputm27::input, calculate_outputm28::input, calculate_outputm29::input, calculate_outputm2::input, calculate_outputm30::input, calculate_outputm32::input, calculate_outputm37::input, calculate_outputm41::input, calculate_outputm58::input, calculate_outputm59::input, calculate_outputm5::input, calculate_outputm65::input, calculate_outputm69::input, calculate_outputm71::input, calculate_outputm77::input, calculate_outputm79::input, calculate_outputm7::input, calculate_outputm81::input, calculate_outputm85::input, calculate_outputm8::input, calculate_outputm95::input, calculate_outputm96::input, calculate_outputm97::input, main::input] --> [1, 2, 3, 4, 5],
[a1041640432] --> [4, 5, 6, 7, 8, 9, 10, 11],
[a1933271548] --> [3, 4, 5, 6, 7, 8, 9, 10],
[a43901077] --> [32, 33, 34, 35, 36],
[a1868984816] --> [8, 9, 10, 11, 12, 13, 14, 15],
[a1554992028] --> [8, 9, 10, 11, 12, 13, 15],
[a1431178715] --> [32, 33, 34],
[a1944816302] --> [32, 33, 34, 35],
[a1649592707] --> [32, 34, 35, 36],
[a1294378386] --> [4, 8, 9, 10, 11],
[a1379546326] --> [7, 8, 9, 10, 11, 12],
[a1384943560] --> [32, 33, 34, 35, 36],
[a2077863541] --> [8, 10, 11, 13, 14],
[a1583922005] --> [5, 6, 7, 9, 10, 11, 12],
[a1796618233] --> [32, 33, 34, 36],
[a469914660] --> [7, 8, 12, 14],
[a1591641889] --> [4, 5, 6, 7, 8, 9, 10, 11],
[a1450658394] --> [8, 9, 10, 12, 14],
[a927814483] --> [8, 9, 10, 11, 12, 13, 14],
[a510889416] --> [32, 33, 36],
[a1136264456] --> [32, 33, 35, 36],
[a2108703896] --> [33, 34, 36],
[a231305105] --> [9, 12, 13],
[a1491567675] --> [11, 12, 16],
[a938827910] --> [33, 34, 35, 36],
[a843079661] --> [33, 35],
[a1580663338] --> [32, 33],
[a181636438] --> [33, 35],
[main::__retval__] --> [-2],
[inputs] --> [5]]

RELEVANT VARS

[calculate_outputm69::input, inputs, a1554992028, a1933271548, calculate_outputm85::input, calculate_outputm81::input, a1944816302, calculate_outputm29::input, calculate_outputm119::input, main::input, calculate_outputm137::input, calculate_outputm65::input, a1294378386, calculate_outputm131::input, calculate_outputm41::input, calculate_outputm113::input, calculate_outputm13::input, a843079661, calculate_outputm11::input, a1450658394, calculate_outputm139::input, a1796618233, a938827910, calculate_outputm17::input, a1591641889, a927814483, a1868984816, a231305105, a1491567675, calculate_outputm28::input, calculate_outputm22::input, a1551570219, calculate_output::input, calculate_outputm95::input, a1583922005, calculate_outputm79::input, calculate_outputm5::input, calculate_outputm77::input, calculate_outputm97::input, a181636438, a469914660, calculate_outputm96::input, a2108703896, a1580663338, calculate_outputm1::input, calculate_outputm8::input, calculate_outputm7::input, calculate_outputm2::input, calculate_outputm37::input, a2077863541, calculate_outputm71::input, a510889416, a1136264456, calculate_outputm129::input, calculate_outputm58::input, calculate_outputm59::input, calculate_outputm120::input, calculate_outputm30::input, a1384943560, a1431178715, calculate_outputm12::input, cf, calculate_outputm32::input, a1379546326, a1649592707, calculate_outputm145::input, calculate_outputm16::input, a1041640432, calculate_outputm23::input, calculate_outputm27::input, calculate_outputm152::input, a1669722568, a43901077]

RELEVANT FIELDS

{}
